#
# A fatal error has been detected by the Java Runtime Environment:
#
#  EXCEPTION_ACCESS_VIOLATION (0xc0000005) at pc=0x00007ffc6d0b79fc, pid=16712, tid=3388
#
# JRE version: Java(TM) SE Runtime Environment (15.0.2+7) (build 15.0.2+7-27)
# Java VM: Java HotSpot(TM) 64-Bit Server VM (15.0.2+7-27, mixed mode, sharing, tiered, compressed oops, g1 gc, windows-amd64)
# Problematic frame:
# C  [atio6axx.dll+0x1b779fc]
#
# No core dump will be written. Minidumps are not enabled by default on client versions of Windows
#
# If you would like to submit a bug report, please visit:
#   https://bugreport.java.com/bugreport/crash.jsp
# The crash happened outside the Java Virtual Machine in native code.
# See problematic frame for where to report the bug.
#

---------------  S U M M A R Y ------------

Command Line: -Dfile.encoding=windows-1252 -Duser.country=GB -Duser.language=en -Duser.variant -ea Gamengine.MainTest

Host: Intel(R) Core(TM) i5-4670K CPU @ 3.40GHz, 4 cores, 15G,  Windows 10 , 64 bit Build 19041 (10.0.19041.928)
Time: Wed May 12 12:11:24 2021 W. Europe Summer Time elapsed time: 0.991558 seconds (0d 0h 0m 0s)

---------------  T H R E A D  ---------------

Current thread (0x0000020315a56a50):  JavaThread "main" [_thread_in_native, id=3388, stack(0x0000008f3f600000,0x0000008f3f700000)]

Stack: [0x0000008f3f600000,0x0000008f3f700000],  sp=0x0000008f3f6fe278,  free space=1016k
Native frames: (J=compiled Java code, j=interpreted, Vv=VM code, C=native code)
C  [atio6axx.dll+0x1b779fc]

Java frames: (J=compiled Java code, j=interpreted, Vv=VM code)
j  org.lwjgl.opengl.GL11C.nglTexImage2D(IIIIIIIIJ)V+0
j  org.lwjgl.opengl.GL11C.glTexImage2D(IIIIIIIILjava/nio/ByteBuffer;)V+17
j  org.lwjgl.opengl.GL11.glTexImage2D(IIIIIIIILjava/nio/ByteBuffer;)V+14
j  Assets.Renderer.Texture.<init>(Ljava/lang/String;)V+132
j  Gamengine.LevelDesign.LevelEditorScene.init()V+45
j  Gamengine.Gamerun.Window.changeScene(I)V+41
j  Gamengine.Gamerun.Window.init()V+253
j  Gamengine.Gamerun.Window.run()V+15
j  Gamengine.Gamerun.GameRun.startGame()V+5
j  Gamengine.MainTest.main([Ljava/lang/String;)V+0
v  ~StubRoutines::call_stub

siginfo: EXCEPTION_ACCESS_VIOLATION (0xc0000005), reading address 0x0000020342acaff0


Register to memory mapping:

RIP=0x00007ffc6d0b79fc atio6axx.dll
RAX=0x0000020342bfc680 points into unknown readable memory: 0x0000000000000000 | 00 00 00 00 00 00 00 00
RBX=0x000002033b7405e0 points into unknown readable memory: 0x0000058600000001 | 01 00 00 00 86 05 00 00
RCX=0x0000020342e8fff0 points into unknown readable memory: 0x0000000000000000 | 00 00 00 00 00 00 00 00
RDX=0xffffffffffc3b000 is an unknown value
RSP=0x0000008f3f6fe278 is pointing into the stack for thread: 0x0000020315a56a50
RBP=0x0000020339319cc8 points into unknown readable memory: 0x00000000004f6640 | 40 66 4f 00 00 00 00 00
RSI=0x00000000004f6640 is an unknown value
RDI=0x0000020339319cc8 points into unknown readable memory: 0x00000000004f6640 | 40 66 4f 00 00 00 00 00
R8 =0x00000000004f6630 is an unknown value
R9 =0x000000000000789f is an unknown value
R10=0x0000020342706040 points into unknown readable memory: 0x56297e54277f5528 | 28 55 7f 27 54 7e 29 56
R11=0x0000020342acb040 points into unknown readable memory: 0x0000000000000000 | 00 00 00 00 00 00 00 00
R12=0x0000008f3f6fe3e0 is pointing into the stack for thread: 0x0000020315a56a50
R13=0x0000020342706040 points into unknown readable memory: 0x56297e54277f5528 | 28 55 7f 27 54 7e 29 56
R14=0x0000000000001618 is an unknown value
R15=0x0000000000001618 is an unknown value


Registers:
RAX=0x0000020342bfc680, RBX=0x000002033b7405e0, RCX=0x0000020342e8fff0, RDX=0xffffffffffc3b000
RSP=0x0000008f3f6fe278, RBP=0x0000020339319cc8, RSI=0x00000000004f6640, RDI=0x0000020339319cc8
R8 =0x00000000004f6630, R9 =0x000000000000789f, R10=0x0000020342706040, R11=0x0000020342acb040
R12=0x0000008f3f6fe3e0, R13=0x0000020342706040, R14=0x0000000000001618, R15=0x0000000000001618
RIP=0x00007ffc6d0b79fc, EFLAGS=0x0000000000010216

Top of Stack: (sp=0x0000008f3f6fe278)
0x0000008f3f6fe278:   00007ffc6c949392 0000000000000030
0x0000008f3f6fe288:   0000008f00000000 000002033b2cdc50
0x0000008f3f6fe298:   000002033b3393a8 00007ffc6df97858
0x0000008f3f6fe2a8:   0000000000000854 000002033b2116b0
0x0000008f3f6fe2b8:   000002033b2cdc50 000002033b2cdc50
0x0000008f3f6fe2c8:   0000000000000398 0000000000000000
0x0000008f3f6fe2d8:   0000000000000001 000002033b2cdc50
0x0000008f3f6fe2e8:   000002033b3106c0 000002033bab1320
0x0000008f3f6fe2f8:   00007ffc6c8d4bac 000002033b740501
0x0000008f3f6fe308:   000002033b3106c0 0000008f3f6fe500
0x0000008f3f6fe318:   3f8000003f800000 0000000000000001
0x0000008f3f6fe328:   0000000000000000 3f80000000000036
0x0000008f3f6fe338:   3f8000003f800000 0000020342706040
0x0000008f3f6fe348:   0000020300000001 0000000000000000
0x0000008f3f6fe358:   0000000000000000 0000000000001618
0x0000008f3f6fe368:   000002033b310600 0000008f00000000 

Instructions: (pc=0x00007ffc6d0b79fc)
0x00007ffc6d0b78fc:   0f 1f 40 00 0f 2b 41 e0 0f 2b 49 f0 0f 18 84 11
0x00007ffc6d0b790c:   00 02 00 00 0f 10 04 11 0f 10 4c 11 10 48 81 c1
0x00007ffc6d0b791c:   80 00 00 00 0f 2b 41 80 0f 2b 49 90 0f 10 44 11
0x00007ffc6d0b792c:   a0 0f 10 4c 11 b0 49 ff c9 0f 2b 41 a0 0f 2b 49
0x00007ffc6d0b793c:   b0 0f 10 44 11 c0 0f 10 4c 11 d0 0f 18 84 11 40
0x00007ffc6d0b794c:   02 00 00 0f 2b 41 c0 0f 2b 49 d0 0f 10 44 11 e0
0x00007ffc6d0b795c:   0f 10 4c 11 f0 75 9d 0f ae f8 e9 38 ff ff ff 0f
0x00007ffc6d0b796c:   1f 44 00 00 49 03 c8 0f 10 44 11 f0 48 83 e9 10
0x00007ffc6d0b797c:   49 83 e8 10 f6 c1 0f 74 17 48 8b c1 48 83 e1 f0
0x00007ffc6d0b798c:   0f 10 c8 0f 10 04 11 0f 11 08 4c 8b c1 4d 2b c3
0x00007ffc6d0b799c:   4d 8b c8 49 c1 e9 07 74 68 0f 29 01 eb 0d 66 0f
0x00007ffc6d0b79ac:   1f 44 00 00 0f 29 41 10 0f 29 09 0f 10 44 11 f0
0x00007ffc6d0b79bc:   0f 10 4c 11 e0 48 81 e9 80 00 00 00 0f 29 41 70
0x00007ffc6d0b79cc:   0f 29 49 60 0f 10 44 11 50 0f 10 4c 11 40 49 ff
0x00007ffc6d0b79dc:   c9 0f 29 41 50 0f 29 49 40 0f 10 44 11 30 0f 10
0x00007ffc6d0b79ec:   4c 11 20 0f 29 41 30 0f 29 49 20 0f 10 44 11 10
0x00007ffc6d0b79fc:   0f 10 0c 11 75 ae 0f 29 41 10 49 83 e0 7f 0f 28
0x00007ffc6d0b7a0c:   c1 4d 8b c8 49 c1 e9 04 74 1a 66 66 0f 1f 84 00
0x00007ffc6d0b7a1c:   00 00 00 00 0f 11 01 48 83 e9 10 0f 10 04 11 49
0x00007ffc6d0b7a2c:   ff c9 75 f0 49 83 e0 0f 74 08 41 0f 10 0a 41 0f
0x00007ffc6d0b7a3c:   11 0b 0f 11 01 49 8b c3 c3 cc cc cc 48 89 5c 24
0x00007ffc6d0b7a4c:   18 48 89 74 24 20 57 48 83 ec 50 48 8b da 48 8b
0x00007ffc6d0b7a5c:   f1 bf 20 05 93 19 48 85 d2 74 1d f6 02 10 74 18
0x00007ffc6d0b7a6c:   48 8b 09 48 83 e9 08 48 8b 01 48 8b 58 30 48 8b
0x00007ffc6d0b7a7c:   40 40 ff 15 5c 9e 19 00 48 8d 54 24 20 48 8b cb
0x00007ffc6d0b7a8c:   ff 15 96 9b 19 00 48 89 44 24 20 48 85 db 74 0f
0x00007ffc6d0b7a9c:   f6 03 08 75 05 48 85 c0 75 05 bf 00 40 99 01 ba
0x00007ffc6d0b7aac:   01 00 00 00 48 89 7c 24 28 4c 8d 4c 24 28 48 89
0x00007ffc6d0b7abc:   74 24 30 b9 63 73 6d e0 48 89 5c 24 38 48 89 44
0x00007ffc6d0b7acc:   24 40 44 8d 42 03 ff 15 58 9b 19 00 48 8b 5c 24
0x00007ffc6d0b7adc:   70 48 8b 74 24 78 48 83 c4 50 5f c3 cc cc cc cc
0x00007ffc6d0b7aec:   cc cc cc cc cc cc cc cc cc cc 66 66 0f 1f 84 00 


Stack slot to memory mapping:
stack at sp + 0 slots: 0x00007ffc6c949392 atio6axx.dll
stack at sp + 1 slots: 0x0000000000000030 is an unknown value
stack at sp + 2 slots: 0x0000008f00000000 is an unknown value
stack at sp + 3 slots: 0x000002033b2cdc50 points into unknown readable memory: 0x00007ffc6dcfe768 | 68 e7 cf 6d fc 7f 00 00
stack at sp + 4 slots: 0x000002033b3393a8 points into unknown readable memory: 0x0000000000000000 | 00 00 00 00 00 00 00 00
stack at sp + 5 slots: 0x00007ffc6df97858 atio6axx.dll
stack at sp + 6 slots: 0x0000000000000854 is an unknown value
stack at sp + 7 slots: 0x000002033b2116b0 points into unknown readable memory: 0x0000020339e3eb00 | 00 eb e3 39 03 02 00 00


---------------  P R O C E S S  ---------------

Threads class SMR info:
_java_thread_list=0x000002033b7b6860, length=12, elements={
0x0000020315a56a50, 0x000002033892f020, 0x000002033892faf0, 0x000002033924bf10,
0x000002033924c8c0, 0x000002033924d270, 0x0000020339251f30, 0x000002033925bd90,
0x0000020339269e60, 0x00000203393908f0, 0x00000203393a59e0, 0x000002033925dbf0
}

Java Threads: ( => current thread )
=>0x0000020315a56a50 JavaThread "main" [_thread_in_native, id=3388, stack(0x0000008f3f600000,0x0000008f3f700000)]
  0x000002033892f020 JavaThread "Reference Handler" daemon [_thread_blocked, id=17704, stack(0x0000008f3fd00000,0x0000008f3fe00000)]
  0x000002033892faf0 JavaThread "Finalizer" daemon [_thread_blocked, id=16408, stack(0x0000008f3fe00000,0x0000008f3ff00000)]
  0x000002033924bf10 JavaThread "Signal Dispatcher" daemon [_thread_blocked, id=12036, stack(0x0000008f3ff00000,0x0000008f40000000)]
  0x000002033924c8c0 JavaThread "Attach Listener" daemon [_thread_blocked, id=2740, stack(0x0000008f40000000,0x0000008f40100000)]
  0x000002033924d270 JavaThread "Service Thread" daemon [_thread_blocked, id=10236, stack(0x0000008f40100000,0x0000008f40200000)]
  0x0000020339251f30 JavaThread "C2 CompilerThread0" daemon [_thread_blocked, id=16532, stack(0x0000008f40200000,0x0000008f40300000)]
  0x000002033925bd90 JavaThread "C1 CompilerThread0" daemon [_thread_blocked, id=8936, stack(0x0000008f40300000,0x0000008f40400000)]
  0x0000020339269e60 JavaThread "Sweeper thread" daemon [_thread_blocked, id=10436, stack(0x0000008f40400000,0x0000008f40500000)]
  0x00000203393908f0 JavaThread "Notification Thread" daemon [_thread_blocked, id=14376, stack(0x0000008f40500000,0x0000008f40600000)]
  0x00000203393a59e0 JavaThread "Common-Cleaner" daemon [_thread_blocked, id=12460, stack(0x0000008f40700000,0x0000008f40800000)]
  0x000002033925dbf0 JavaThread "C2 CompilerThread1" daemon [_thread_blocked, id=9652, stack(0x0000008f40b00000,0x0000008f40c00000)]

Other Threads:
  0x000002033892c080 VMThread "VM Thread" [stack: 0x0000008f3fc00000,0x0000008f3fd00000] [id=18180]
  0x00000203393a84b0 WatcherThread [stack: 0x0000008f40600000,0x0000008f40700000] [id=9352]
  0x0000020315aa4620 GCTaskThread "GC Thread#0" [stack: 0x0000008f3f700000,0x0000008f3f800000] [id=11920]
  0x00000203396768a0 GCTaskThread "GC Thread#1" [stack: 0x0000008f40c00000,0x0000008f40d00000] [id=10384]
  0x0000020339675250 GCTaskThread "GC Thread#2" [stack: 0x0000008f40d00000,0x0000008f40e00000] [id=14076]
  0x0000020339675580 GCTaskThread "GC Thread#3" [stack: 0x0000008f40e00000,0x0000008f40f00000] [id=1924]
  0x0000020315ab7610 ConcurrentGCThread "G1 Main Marker" [stack: 0x0000008f3f800000,0x0000008f3f900000] [id=5360]
  0x0000020315ab88a0 ConcurrentGCThread "G1 Conc#0" [stack: 0x0000008f3f900000,0x0000008f3fa00000] [id=10068]
  0x0000020315b1e8a0 ConcurrentGCThread "G1 Refine#0" [stack: 0x0000008f3fa00000,0x0000008f3fb00000] [id=14728]
  0x00000203387a24b0 ConcurrentGCThread "G1 Young RemSet Sampling" [stack: 0x0000008f3fb00000,0x0000008f3fc00000] [id=13100]

Threads with active compile tasks:

VM state: not at safepoint (normal execution)

VM Mutex/Monitor currently owned by a thread: None

Heap address: 0x0000000701000000, size: 4080 MB, Compressed Oops mode: Zero based, Oop shift amount: 3
CDS archive(s) mapped at: [0x0000000800000000-0x0000000800b50000-0x0000000800b50000), size 11862016, SharedBaseAddress: 0x0000000800000000, ArchiveRelocationMode: 0.
Compressed class space mapped at: 0x0000000800b50000-0x0000000840b50000, size: 1073741824
Narrow klass base: 0x0000000800000000, Narrow klass shift: 3, Narrow klass range: 0x100000000

GC Precious Log:
 CPUs: 4 total, 4 available
 Memory: 16312M
 Large Page Support: Disabled
 NUMA Support: Disabled
 Compressed Oops: Enabled (Zero based)
 Heap Region Size: 2M
 Heap Min Capacity: 8M
 Heap Initial Capacity: 256M
 Heap Max Capacity: 4080M
 Pre-touch: Disabled
 Parallel Workers: 4
 Concurrent Workers: 1
 Concurrent Refinement Workers: 4
 Periodic GC: Disabled

Heap:
 garbage-first heap   total 262144K, used 4012K [0x0000000701000000, 0x0000000800000000)
  region size 2048K, 3 young (6144K), 1 survivors (2048K)
 Metaspace       used 6194K, capacity 8924K, committed 9088K, reserved 1058816K
  class space    used 319K, capacity 589K, committed 640K, reserved 1048576K

Heap Regions: E=young(eden), S=young(survivor), O=old, HS=humongous(starts), HC=humongous(continues), CS=collection set, F=free, OA=open archive, CA=closed archive, TAMS=top-at-mark-start (previous, next)
|   0|0x0000000701000000, 0x0000000701000000, 0x0000000701200000|  0%| F|  |TAMS 0x0000000701000000, 0x0000000701000000| Untracked 
|   1|0x0000000701200000, 0x0000000701200000, 0x0000000701400000|  0%| F|  |TAMS 0x0000000701200000, 0x0000000701200000| Untracked 
|   2|0x0000000701400000, 0x0000000701400000, 0x0000000701600000|  0%| F|  |TAMS 0x0000000701400000, 0x0000000701400000| Untracked 
|   3|0x0000000701600000, 0x0000000701600000, 0x0000000701800000|  0%| F|  |TAMS 0x0000000701600000, 0x0000000701600000| Untracked 
|   4|0x0000000701800000, 0x0000000701800000, 0x0000000701a00000|  0%| F|  |TAMS 0x0000000701800000, 0x0000000701800000| Untracked 
|   5|0x0000000701a00000, 0x0000000701a00000, 0x0000000701c00000|  0%| F|  |TAMS 0x0000000701a00000, 0x0000000701a00000| Untracked 
|   6|0x0000000701c00000, 0x0000000701c00000, 0x0000000701e00000|  0%| F|  |TAMS 0x0000000701c00000, 0x0000000701c00000| Untracked 
|   7|0x0000000701e00000, 0x0000000701e00000, 0x0000000702000000|  0%| F|  |TAMS 0x0000000701e00000, 0x0000000701e00000| Untracked 
|   8|0x0000000702000000, 0x0000000702000000, 0x0000000702200000|  0%| F|  |TAMS 0x0000000702000000, 0x0000000702000000| Untracked 
|   9|0x0000000702200000, 0x0000000702200000, 0x0000000702400000|  0%| F|  |TAMS 0x0000000702200000, 0x0000000702200000| Untracked 
|  10|0x0000000702400000, 0x0000000702400000, 0x0000000702600000|  0%| F|  |TAMS 0x0000000702400000, 0x0000000702400000| Untracked 
|  11|0x0000000702600000, 0x0000000702600000, 0x0000000702800000|  0%| F|  |TAMS 0x0000000702600000, 0x0000000702600000| Untracked 
|  12|0x0000000702800000, 0x0000000702800000, 0x0000000702a00000|  0%| F|  |TAMS 0x0000000702800000, 0x0000000702800000| Untracked 
|  13|0x0000000702a00000, 0x0000000702a00000, 0x0000000702c00000|  0%| F|  |TAMS 0x0000000702a00000, 0x0000000702a00000| Untracked 
|  14|0x0000000702c00000, 0x0000000702c00000, 0x0000000702e00000|  0%| F|  |TAMS 0x0000000702c00000, 0x0000000702c00000| Untracked 
|  15|0x0000000702e00000, 0x0000000702e00000, 0x0000000703000000|  0%| F|  |TAMS 0x0000000702e00000, 0x0000000702e00000| Untracked 
|  16|0x0000000703000000, 0x0000000703000000, 0x0000000703200000|  0%| F|  |TAMS 0x0000000703000000, 0x0000000703000000| Untracked 
|  17|0x0000000703200000, 0x0000000703200000, 0x0000000703400000|  0%| F|  |TAMS 0x0000000703200000, 0x0000000703200000| Untracked 
|  18|0x0000000703400000, 0x0000000703400000, 0x0000000703600000|  0%| F|  |TAMS 0x0000000703400000, 0x0000000703400000| Untracked 
|  19|0x0000000703600000, 0x0000000703600000, 0x0000000703800000|  0%| F|  |TAMS 0x0000000703600000, 0x0000000703600000| Untracked 
|  20|0x0000000703800000, 0x0000000703800000, 0x0000000703a00000|  0%| F|  |TAMS 0x0000000703800000, 0x0000000703800000| Untracked 
|  21|0x0000000703a00000, 0x0000000703a00000, 0x0000000703c00000|  0%| F|  |TAMS 0x0000000703a00000, 0x0000000703a00000| Untracked 
|  22|0x0000000703c00000, 0x0000000703c00000, 0x0000000703e00000|  0%| F|  |TAMS 0x0000000703c00000, 0x0000000703c00000| Untracked 
|  23|0x0000000703e00000, 0x0000000703e00000, 0x0000000704000000|  0%| F|  |TAMS 0x0000000703e00000, 0x0000000703e00000| Untracked 
|  24|0x0000000704000000, 0x0000000704000000, 0x0000000704200000|  0%| F|  |TAMS 0x0000000704000000, 0x0000000704000000| Untracked 
|  25|0x0000000704200000, 0x0000000704200000, 0x0000000704400000|  0%| F|  |TAMS 0x0000000704200000, 0x0000000704200000| Untracked 
|  26|0x0000000704400000, 0x0000000704400000, 0x0000000704600000|  0%| F|  |TAMS 0x0000000704400000, 0x0000000704400000| Untracked 
|  27|0x0000000704600000, 0x0000000704600000, 0x0000000704800000|  0%| F|  |TAMS 0x0000000704600000, 0x0000000704600000| Untracked 
|  28|0x0000000704800000, 0x0000000704800000, 0x0000000704a00000|  0%| F|  |TAMS 0x0000000704800000, 0x0000000704800000| Untracked 
|  29|0x0000000704a00000, 0x0000000704a00000, 0x0000000704c00000|  0%| F|  |TAMS 0x0000000704a00000, 0x0000000704a00000| Untracked 
|  30|0x0000000704c00000, 0x0000000704c00000, 0x0000000704e00000|  0%| F|  |TAMS 0x0000000704c00000, 0x0000000704c00000| Untracked 
|  31|0x0000000704e00000, 0x0000000704e00000, 0x0000000705000000|  0%| F|  |TAMS 0x0000000704e00000, 0x0000000704e00000| Untracked 
|  32|0x0000000705000000, 0x0000000705000000, 0x0000000705200000|  0%| F|  |TAMS 0x0000000705000000, 0x0000000705000000| Untracked 
|  33|0x0000000705200000, 0x0000000705200000, 0x0000000705400000|  0%| F|  |TAMS 0x0000000705200000, 0x0000000705200000| Untracked 
|  34|0x0000000705400000, 0x0000000705400000, 0x0000000705600000|  0%| F|  |TAMS 0x0000000705400000, 0x0000000705400000| Untracked 
|  35|0x0000000705600000, 0x0000000705600000, 0x0000000705800000|  0%| F|  |TAMS 0x0000000705600000, 0x0000000705600000| Untracked 
|  36|0x0000000705800000, 0x0000000705800000, 0x0000000705a00000|  0%| F|  |TAMS 0x0000000705800000, 0x0000000705800000| Untracked 
|  37|0x0000000705a00000, 0x0000000705a00000, 0x0000000705c00000|  0%| F|  |TAMS 0x0000000705a00000, 0x0000000705a00000| Untracked 
|  38|0x0000000705c00000, 0x0000000705c00000, 0x0000000705e00000|  0%| F|  |TAMS 0x0000000705c00000, 0x0000000705c00000| Untracked 
|  39|0x0000000705e00000, 0x0000000705e00000, 0x0000000706000000|  0%| F|  |TAMS 0x0000000705e00000, 0x0000000705e00000| Untracked 
|  40|0x0000000706000000, 0x0000000706000000, 0x0000000706200000|  0%| F|  |TAMS 0x0000000706000000, 0x0000000706000000| Untracked 
|  41|0x0000000706200000, 0x0000000706200000, 0x0000000706400000|  0%| F|  |TAMS 0x0000000706200000, 0x0000000706200000| Untracked 
|  42|0x0000000706400000, 0x0000000706400000, 0x0000000706600000|  0%| F|  |TAMS 0x0000000706400000, 0x0000000706400000| Untracked 
|  43|0x0000000706600000, 0x0000000706600000, 0x0000000706800000|  0%| F|  |TAMS 0x0000000706600000, 0x0000000706600000| Untracked 
|  44|0x0000000706800000, 0x0000000706800000, 0x0000000706a00000|  0%| F|  |TAMS 0x0000000706800000, 0x0000000706800000| Untracked 
|  45|0x0000000706a00000, 0x0000000706a00000, 0x0000000706c00000|  0%| F|  |TAMS 0x0000000706a00000, 0x0000000706a00000| Untracked 
|  46|0x0000000706c00000, 0x0000000706c00000, 0x0000000706e00000|  0%| F|  |TAMS 0x0000000706c00000, 0x0000000706c00000| Untracked 
|  47|0x0000000706e00000, 0x0000000706e00000, 0x0000000707000000|  0%| F|  |TAMS 0x0000000706e00000, 0x0000000706e00000| Untracked 
|  48|0x0000000707000000, 0x0000000707000000, 0x0000000707200000|  0%| F|  |TAMS 0x0000000707000000, 0x0000000707000000| Untracked 
|  49|0x0000000707200000, 0x0000000707200000, 0x0000000707400000|  0%| F|  |TAMS 0x0000000707200000, 0x0000000707200000| Untracked 
|  50|0x0000000707400000, 0x0000000707400000, 0x0000000707600000|  0%| F|  |TAMS 0x0000000707400000, 0x0000000707400000| Untracked 
|  51|0x0000000707600000, 0x0000000707600000, 0x0000000707800000|  0%| F|  |TAMS 0x0000000707600000, 0x0000000707600000| Untracked 
|  52|0x0000000707800000, 0x0000000707800000, 0x0000000707a00000|  0%| F|  |TAMS 0x0000000707800000, 0x0000000707800000| Untracked 
|  53|0x0000000707a00000, 0x0000000707a00000, 0x0000000707c00000|  0%| F|  |TAMS 0x0000000707a00000, 0x0000000707a00000| Untracked 
|  54|0x0000000707c00000, 0x0000000707c00000, 0x0000000707e00000|  0%| F|  |TAMS 0x0000000707c00000, 0x0000000707c00000| Untracked 
|  55|0x0000000707e00000, 0x0000000707e00000, 0x0000000708000000|  0%| F|  |TAMS 0x0000000707e00000, 0x0000000707e00000| Untracked 
|  56|0x0000000708000000, 0x0000000708000000, 0x0000000708200000|  0%| F|  |TAMS 0x0000000708000000, 0x0000000708000000| Untracked 
|  57|0x0000000708200000, 0x0000000708200000, 0x0000000708400000|  0%| F|  |TAMS 0x0000000708200000, 0x0000000708200000| Untracked 
|  58|0x0000000708400000, 0x0000000708400000, 0x0000000708600000|  0%| F|  |TAMS 0x0000000708400000, 0x0000000708400000| Untracked 
|  59|0x0000000708600000, 0x0000000708600000, 0x0000000708800000|  0%| F|  |TAMS 0x0000000708600000, 0x0000000708600000| Untracked 
|  60|0x0000000708800000, 0x0000000708800000, 0x0000000708a00000|  0%| F|  |TAMS 0x0000000708800000, 0x0000000708800000| Untracked 
|  61|0x0000000708a00000, 0x0000000708a00000, 0x0000000708c00000|  0%| F|  |TAMS 0x0000000708a00000, 0x0000000708a00000| Untracked 
|  62|0x0000000708c00000, 0x0000000708c00000, 0x0000000708e00000|  0%| F|  |TAMS 0x0000000708c00000, 0x0000000708c00000| Untracked 
|  63|0x0000000708e00000, 0x0000000708e00000, 0x0000000709000000|  0%| F|  |TAMS 0x0000000708e00000, 0x0000000708e00000| Untracked 
|  64|0x0000000709000000, 0x0000000709000000, 0x0000000709200000|  0%| F|  |TAMS 0x0000000709000000, 0x0000000709000000| Untracked 
|  65|0x0000000709200000, 0x0000000709200000, 0x0000000709400000|  0%| F|  |TAMS 0x0000000709200000, 0x0000000709200000| Untracked 
|  66|0x0000000709400000, 0x0000000709400000, 0x0000000709600000|  0%| F|  |TAMS 0x0000000709400000, 0x0000000709400000| Untracked 
|  67|0x0000000709600000, 0x0000000709600000, 0x0000000709800000|  0%| F|  |TAMS 0x0000000709600000, 0x0000000709600000| Untracked 
|  68|0x0000000709800000, 0x0000000709800000, 0x0000000709a00000|  0%| F|  |TAMS 0x0000000709800000, 0x0000000709800000| Untracked 
|  69|0x0000000709a00000, 0x0000000709a00000, 0x0000000709c00000|  0%| F|  |TAMS 0x0000000709a00000, 0x0000000709a00000| Untracked 
|  70|0x0000000709c00000, 0x0000000709c00000, 0x0000000709e00000|  0%| F|  |TAMS 0x0000000709c00000, 0x0000000709c00000| Untracked 
|  71|0x0000000709e00000, 0x0000000709e00000, 0x000000070a000000|  0%| F|  |TAMS 0x0000000709e00000, 0x0000000709e00000| Untracked 
|  72|0x000000070a000000, 0x000000070a000000, 0x000000070a200000|  0%| F|  |TAMS 0x000000070a000000, 0x000000070a000000| Untracked 
|  73|0x000000070a200000, 0x000000070a200000, 0x000000070a400000|  0%| F|  |TAMS 0x000000070a200000, 0x000000070a200000| Untracked 
|  74|0x000000070a400000, 0x000000070a400000, 0x000000070a600000|  0%| F|  |TAMS 0x000000070a400000, 0x000000070a400000| Untracked 
|  75|0x000000070a600000, 0x000000070a600000, 0x000000070a800000|  0%| F|  |TAMS 0x000000070a600000, 0x000000070a600000| Untracked 
|  76|0x000000070a800000, 0x000000070a800000, 0x000000070aa00000|  0%| F|  |TAMS 0x000000070a800000, 0x000000070a800000| Untracked 
|  77|0x000000070aa00000, 0x000000070aa00000, 0x000000070ac00000|  0%| F|  |TAMS 0x000000070aa00000, 0x000000070aa00000| Untracked 
|  78|0x000000070ac00000, 0x000000070ac00000, 0x000000070ae00000|  0%| F|  |TAMS 0x000000070ac00000, 0x000000070ac00000| Untracked 
|  79|0x000000070ae00000, 0x000000070ae00000, 0x000000070b000000|  0%| F|  |TAMS 0x000000070ae00000, 0x000000070ae00000| Untracked 
|  80|0x000000070b000000, 0x000000070b000000, 0x000000070b200000|  0%| F|  |TAMS 0x000000070b000000, 0x000000070b000000| Untracked 
|  81|0x000000070b200000, 0x000000070b200000, 0x000000070b400000|  0%| F|  |TAMS 0x000000070b200000, 0x000000070b200000| Untracked 
|  82|0x000000070b400000, 0x000000070b400000, 0x000000070b600000|  0%| F|  |TAMS 0x000000070b400000, 0x000000070b400000| Untracked 
|  83|0x000000070b600000, 0x000000070b600000, 0x000000070b800000|  0%| F|  |TAMS 0x000000070b600000, 0x000000070b600000| Untracked 
|  84|0x000000070b800000, 0x000000070b800000, 0x000000070ba00000|  0%| F|  |TAMS 0x000000070b800000, 0x000000070b800000| Untracked 
|  85|0x000000070ba00000, 0x000000070ba00000, 0x000000070bc00000|  0%| F|  |TAMS 0x000000070ba00000, 0x000000070ba00000| Untracked 
|  86|0x000000070bc00000, 0x000000070bc00000, 0x000000070be00000|  0%| F|  |TAMS 0x000000070bc00000, 0x000000070bc00000| Untracked 
|  87|0x000000070be00000, 0x000000070be00000, 0x000000070c000000|  0%| F|  |TAMS 0x000000070be00000, 0x000000070be00000| Untracked 
|  88|0x000000070c000000, 0x000000070c000000, 0x000000070c200000|  0%| F|  |TAMS 0x000000070c000000, 0x000000070c000000| Untracked 
|  89|0x000000070c200000, 0x000000070c200000, 0x000000070c400000|  0%| F|  |TAMS 0x000000070c200000, 0x000000070c200000| Untracked 
|  90|0x000000070c400000, 0x000000070c400000, 0x000000070c600000|  0%| F|  |TAMS 0x000000070c400000, 0x000000070c400000| Untracked 
|  91|0x000000070c600000, 0x000000070c600000, 0x000000070c800000|  0%| F|  |TAMS 0x000000070c600000, 0x000000070c600000| Untracked 
|  92|0x000000070c800000, 0x000000070c800000, 0x000000070ca00000|  0%| F|  |TAMS 0x000000070c800000, 0x000000070c800000| Untracked 
|  93|0x000000070ca00000, 0x000000070ca00000, 0x000000070cc00000|  0%| F|  |TAMS 0x000000070ca00000, 0x000000070ca00000| Untracked 
|  94|0x000000070cc00000, 0x000000070cc00000, 0x000000070ce00000|  0%| F|  |TAMS 0x000000070cc00000, 0x000000070cc00000| Untracked 
|  95|0x000000070ce00000, 0x000000070ce00000, 0x000000070d000000|  0%| F|  |TAMS 0x000000070ce00000, 0x000000070ce00000| Untracked 
|  96|0x000000070d000000, 0x000000070d000000, 0x000000070d200000|  0%| F|  |TAMS 0x000000070d000000, 0x000000070d000000| Untracked 
|  97|0x000000070d200000, 0x000000070d200000, 0x000000070d400000|  0%| F|  |TAMS 0x000000070d200000, 0x000000070d200000| Untracked 
|  98|0x000000070d400000, 0x000000070d400000, 0x000000070d600000|  0%| F|  |TAMS 0x000000070d400000, 0x000000070d400000| Untracked 
|  99|0x000000070d600000, 0x000000070d600000, 0x000000070d800000|  0%| F|  |TAMS 0x000000070d600000, 0x000000070d600000| Untracked 
| 100|0x000000070d800000, 0x000000070d800000, 0x000000070da00000|  0%| F|  |TAMS 0x000000070d800000, 0x000000070d800000| Untracked 
| 101|0x000000070da00000, 0x000000070da00000, 0x000000070dc00000|  0%| F|  |TAMS 0x000000070da00000, 0x000000070da00000| Untracked 
| 102|0x000000070dc00000, 0x000000070dc00000, 0x000000070de00000|  0%| F|  |TAMS 0x000000070dc00000, 0x000000070dc00000| Untracked 
| 103|0x000000070de00000, 0x000000070de00000, 0x000000070e000000|  0%| F|  |TAMS 0x000000070de00000, 0x000000070de00000| Untracked 
| 104|0x000000070e000000, 0x000000070e000000, 0x000000070e200000|  0%| F|  |TAMS 0x000000070e000000, 0x000000070e000000| Untracked 
| 105|0x000000070e200000, 0x000000070e200000, 0x000000070e400000|  0%| F|  |TAMS 0x000000070e200000, 0x000000070e200000| Untracked 
| 106|0x000000070e400000, 0x000000070e400000, 0x000000070e600000|  0%| F|  |TAMS 0x000000070e400000, 0x000000070e400000| Untracked 
| 107|0x000000070e600000, 0x000000070e600000, 0x000000070e800000|  0%| F|  |TAMS 0x000000070e600000, 0x000000070e600000| Untracked 
| 108|0x000000070e800000, 0x000000070e800000, 0x000000070ea00000|  0%| F|  |TAMS 0x000000070e800000, 0x000000070e800000| Untracked 
| 109|0x000000070ea00000, 0x000000070ea00000, 0x000000070ec00000|  0%| F|  |TAMS 0x000000070ea00000, 0x000000070ea00000| Untracked 
| 110|0x000000070ec00000, 0x000000070ec00000, 0x000000070ee00000|  0%| F|  |TAMS 0x000000070ec00000, 0x000000070ec00000| Untracked 
| 111|0x000000070ee00000, 0x000000070ee00000, 0x000000070f000000|  0%| F|  |TAMS 0x000000070ee00000, 0x000000070ee00000| Untracked 
| 112|0x000000070f000000, 0x000000070f000000, 0x000000070f200000|  0%| F|  |TAMS 0x000000070f000000, 0x000000070f000000| Untracked 
| 113|0x000000070f200000, 0x000000070f200000, 0x000000070f400000|  0%| F|  |TAMS 0x000000070f200000, 0x000000070f200000| Untracked 
| 114|0x000000070f400000, 0x000000070f400000, 0x000000070f600000|  0%| F|  |TAMS 0x000000070f400000, 0x000000070f400000| Untracked 
| 115|0x000000070f600000, 0x000000070f600000, 0x000000070f800000|  0%| F|  |TAMS 0x000000070f600000, 0x000000070f600000| Untracked 
| 116|0x000000070f800000, 0x000000070f800000, 0x000000070fa00000|  0%| F|  |TAMS 0x000000070f800000, 0x000000070f800000| Untracked 
| 117|0x000000070fa00000, 0x000000070fa00000, 0x000000070fc00000|  0%| F|  |TAMS 0x000000070fa00000, 0x000000070fa00000| Untracked 
| 118|0x000000070fc00000, 0x000000070fc00000, 0x000000070fe00000|  0%| F|  |TAMS 0x000000070fc00000, 0x000000070fc00000| Untracked 
| 119|0x000000070fe00000, 0x000000070fe00000, 0x0000000710000000|  0%| F|  |TAMS 0x000000070fe00000, 0x000000070fe00000| Untracked 
| 120|0x0000000710000000, 0x0000000710000000, 0x0000000710200000|  0%| F|  |TAMS 0x0000000710000000, 0x0000000710000000| Untracked 
| 121|0x0000000710200000, 0x00000007103eb3e8, 0x0000000710400000| 95%| S|CS|TAMS 0x0000000710200000, 0x0000000710200000| Complete 
| 122|0x0000000710400000, 0x0000000710400000, 0x0000000710600000|  0%| F|  |TAMS 0x0000000710400000, 0x0000000710400000| Untracked 
| 123|0x0000000710600000, 0x0000000710600000, 0x0000000710800000|  0%| F|  |TAMS 0x0000000710600000, 0x0000000710600000| Untracked 
| 124|0x0000000710800000, 0x0000000710800000, 0x0000000710a00000|  0%| F|  |TAMS 0x0000000710800000, 0x0000000710800000| Untracked 
| 125|0x0000000710a00000, 0x0000000710a00000, 0x0000000710c00000|  0%| F|  |TAMS 0x0000000710a00000, 0x0000000710a00000| Untracked 
| 126|0x0000000710c00000, 0x0000000710c983e0, 0x0000000710e00000| 29%| E|  |TAMS 0x0000000710c00000, 0x0000000710c00000| Complete 
| 127|0x0000000710e00000, 0x0000000711000000, 0x0000000711000000|100%| E|CS|TAMS 0x0000000710e00000, 0x0000000710e00000| Complete 

Card table byte_map: [0x000002032d480000,0x000002032dc80000] _byte_map_base: 0x0000020329c78000

Marking Bits (Prev, Next): (CMBitMap*) 0x0000020315aa5da0, (CMBitMap*) 0x0000020315aa5de0
 Prev Bits: [0x000002032e480000, 0x0000020332440000)
 Next Bits: [0x0000020332440000, 0x0000020336400000)

Polling page: 0x0000020313910000

Metaspace:

Usage:
  Non-class:      8.14 MB capacity,     5.74 MB ( 70%) used,     2.39 MB ( 29%) free+waste,     8.50 KB ( <1%) overhead. 
      Class:    589.00 KB capacity,   319.69 KB ( 54%) used,   266.50 KB ( 45%) free+waste,     2.81 KB ( <1%) overhead. 
       Both:      8.71 MB capacity,     6.05 MB ( 69%) used,     2.65 MB ( 30%) free+waste,    11.31 KB ( <1%) overhead. 

Virtual space:
  Non-class space:       10.00 MB reserved,       8.25 MB ( 82%) committed 
      Class space:        1.00 GB reserved,     640.00 KB ( <1%) committed 
             Both:        1.01 GB reserved,       8.88 MB ( <1%) committed 

Chunk freelists:
   Non-Class:  113.00 KB
       Class:  19.00 KB
        Both:  132.00 KB

MaxMetaspaceSize: 17179869184.00 GB
CompressedClassSpaceSize: 1.00 GB

CodeHeap 'non-profiled nmethods': size=120000Kb used=228Kb max_used=228Kb free=119771Kb
 bounds [0x0000020325750000, 0x00000203259c0000, 0x000002032cc80000]
CodeHeap 'profiled nmethods': size=120000Kb used=1341Kb max_used=1341Kb free=118658Kb
 bounds [0x000002031e220000, 0x000002031e490000, 0x0000020325750000]
CodeHeap 'non-nmethods': size=5760Kb used=1599Kb max_used=1612Kb free=4161Kb
 bounds [0x000002031dc80000, 0x000002031def0000, 0x000002031e220000]
 total_blobs=1804 nmethods=817 adapters=900
 compilation: enabled
              stopped_count=0, restarted_count=0
 full_count=0

Compilation events (20 events):
Event: 0.950 Thread 0x000002033925bd90  808   !   3       sun.nio.ch.NativeThreadSet::remove (50 bytes)
Event: 0.950 Thread 0x000002033925bd90 nmethod 808 0x000002031e368a90 code [0x000002031e368c40, 0x000002031e368f08]
Event: 0.950 Thread 0x000002033925bd90  809       3       sun.nio.ch.FileChannelImpl::beginBlocking (12 bytes)
Event: 0.950 Thread 0x000002033925bd90 nmethod 809 0x000002031e369090 code [0x000002031e369240, 0x000002031e3693a8]
Event: 0.950 Thread 0x000002033925bd90  810       3       sun.nio.ch.FileChannelImpl::endBlocking (13 bytes)
Event: 0.950 Thread 0x000002033925bd90 nmethod 810 0x000002031e369490 code [0x000002031e369640, 0x000002031e3697a8]
Event: 0.951 Thread 0x000002033925bd90  811       3       java.lang.AbstractStringBuilder::checkRange (63 bytes)
Event: 0.951 Thread 0x000002033925bd90 nmethod 811 0x000002031e369890 code [0x000002031e369b20, 0x000002031e36a478]
Event: 0.951 Thread 0x000002033925bd90  812       3       java.lang.AbstractStringBuilder::appendChars (207 bytes)
Event: 0.952 Thread 0x000002033925bd90 nmethod 812 0x000002031e36a810 code [0x000002031e36aac0, 0x000002031e36ba48]
Event: 0.955 Thread 0x000002033925bd90  813       3       java.lang.AbstractStringBuilder::append (63 bytes)
Event: 0.955 Thread 0x000002033925bd90 nmethod 813 0x000002031e36c010 code [0x000002031e36c200, 0x000002031e36c788]
Event: 0.955 Thread 0x000002033925bd90  814  s    3       jdk.internal.jimage.BasicImageReader::findLocation (115 bytes)
Event: 0.955 Thread 0x0000020339251f30  817       4       sun.misc.Unsafe::putByte (9 bytes)
Event: 0.956 Thread 0x0000020339251f30 nmethod 817 0x0000020325789010 code [0x0000020325789180, 0x00000203257891f8]
Event: 0.956 Thread 0x000002033925bd90 nmethod 814 0x000002031e36c910 code [0x000002031e36cc20, 0x000002031e36dd58]
Event: 0.956 Thread 0x000002033925bd90  815       3       jdk.internal.jimage.BasicImageReader::getAttributes (49 bytes)
Event: 0.956 Thread 0x000002033925bd90 nmethod 815 0x000002031e36e310 code [0x000002031e36e4e0, 0x000002031e36e7c8]
Event: 0.956 Thread 0x000002033925bd90  816       3       jdk.internal.jimage.ImageLocation::verify (50 bytes)
Event: 0.956 Thread 0x000002033925bd90 nmethod 816 0x000002031e36e910 code [0x000002031e36eb40, 0x000002031e36f2c8]

GC Heap History (2 events):
Event: 0.865 GC heap before
{Heap before GC invocations=0 (full 0):
 garbage-first heap   total 262144K, used 10240K [0x0000000701000000, 0x0000000800000000)
  region size 2048K, 6 young (12288K), 0 survivors (0K)
 Metaspace       used 5214K, capacity 8122K, committed 8320K, reserved 1056768K
  class space    used 282K, capacity 556K, committed 640K, reserved 1048576K
}
Event: 0.868 GC heap after
{Heap after GC invocations=1 (full 0):
 garbage-first heap   total 262144K, used 1964K [0x0000000701000000, 0x0000000800000000)
  region size 2048K, 1 young (2048K), 1 survivors (2048K)
 Metaspace       used 5214K, capacity 8122K, committed 8320K, reserved 1056768K
  class space    used 282K, capacity 556K, committed 640K, reserved 1048576K
}

Deoptimization events (18 events):
Event: 0.097 Thread 0x0000020315a56a50 Uncommon trap: trap_request=0xffffff45 fr.pc=0x0000020325753bc4 relative=0x0000000000000224
Event: 0.097 Thread 0x0000020315a56a50 Uncommon trap: reason=unstable_if action=reinterpret pc=0x0000020325753bc4 method=java.lang.String.hashCode()I @ 13 c2
Event: 0.097 Thread 0x0000020315a56a50 DEOPT PACKING pc=0x0000020325753bc4 sp=0x0000008f3f6fa540
Event: 0.097 Thread 0x0000020315a56a50 DEOPT UNPACKING pc=0x000002031dcce42f sp=0x0000008f3f6fa4d8 mode 2
Event: 0.105 Thread 0x0000020315a56a50 Uncommon trap: trap_request=0xffffff45 fr.pc=0x00000203257586e0 relative=0x0000000000000060
Event: 0.105 Thread 0x0000020315a56a50 Uncommon trap: reason=unstable_if action=reinterpret pc=0x00000203257586e0 method=java.io.WinNTFileSystem.isSlash(C)Z @ 9 c2
Event: 0.105 Thread 0x0000020315a56a50 DEOPT PACKING pc=0x00000203257586e0 sp=0x0000008f3f6fde90
Event: 0.105 Thread 0x0000020315a56a50 DEOPT UNPACKING pc=0x000002031dcce42f sp=0x0000008f3f6fde18 mode 2
Event: 0.813 Thread 0x0000020315a56a50 DEOPT PACKING pc=0x000002031e24d7df sp=0x0000008f3f6fd860
Event: 0.813 Thread 0x0000020315a56a50 DEOPT UNPACKING pc=0x000002031dcce23f sp=0x0000008f3f6fccb0 mode 0
Event: 0.879 Thread 0x0000020315a56a50 Uncommon trap: trap_request=0xffffff54 fr.pc=0x000002032577e7e0 relative=0x0000000000000060
Event: 0.879 Thread 0x0000020315a56a50 Uncommon trap: reason=speculate_null_assert action=make_not_entrant pc=0x000002032577e7e0 method=sun.misc.Unsafe.putLong(Ljava/lang/Object;JJ)V @ 7 c2
Event: 0.879 Thread 0x0000020315a56a50 DEOPT PACKING pc=0x000002032577e7e0 sp=0x0000008f3f6feac0
Event: 0.879 Thread 0x0000020315a56a50 DEOPT UNPACKING pc=0x000002031dcce42f sp=0x0000008f3f6fea38 mode 2
Event: 0.888 Thread 0x0000020315a56a50 Uncommon trap: trap_request=0xffffff45 fr.pc=0x0000020325780124 relative=0x0000000000001024
Event: 0.888 Thread 0x0000020315a56a50 Uncommon trap: reason=unstable_if action=reinterpret pc=0x0000020325780124 method=java.util.LinkedHashMap.linkNodeLast(Ljava/util/LinkedHashMap$Entry;)V @ 11 c2
Event: 0.888 Thread 0x0000020315a56a50 DEOPT PACKING pc=0x0000020325780124 sp=0x0000008f3f6fa570
Event: 0.888 Thread 0x0000020315a56a50 DEOPT UNPACKING pc=0x000002031dcce42f sp=0x0000008f3f6fa420 mode 2

Classes unloaded (0 events):
No events

Classes redefined (0 events):
No events

Internal exceptions (20 events):
Event: 0.139 Thread 0x0000020315a56a50 Exception <a 'java/lang/NoSuchMethodError'{0x0000000710d4b2c0}: 'java.lang.Object java.lang.invoke.DirectMethodHandle$Holder.invokeStatic(java.lang.Object, java.lang.Object, int)'> (0x0000000710d4b2c0) 
thrown [./open/src/hotspot/share/interpreter/linkResolver.cpp, line 782]
Event: 0.140 Thread 0x0000020315a56a50 Exception <a 'java/lang/NoSuchMethodError'{0x0000000710d575e8}: 'void java.lang.invoke.DelegatingMethodHandle$Holder.delegate(java.lang.Object, java.lang.Object, int, java.lang.Object)'> (0x0000000710d575e8) 
thrown [./open/src/hotspot/share/interpreter/linkResolver.cpp, line 782]
Event: 0.140 Thread 0x0000020315a56a50 Exception <a 'java/lang/NoSuchMethodError'{0x0000000710d5b930}: 'int java.lang.invoke.DirectMethodHandle$Holder.invokeSpecial(java.lang.Object, java.lang.Object, java.lang.Object)'> (0x0000000710d5b930) 
thrown [./open/src/hotspot/share/interpreter/linkResolver.cpp, line 782]
Event: 0.168 Thread 0x0000020315a56a50 Exception <a 'sun/nio/fs/WindowsException'{0x0000000710db93f0}> (0x0000000710db93f0) 
thrown [./open/src/hotspot/share/prims/jni.cpp, line 578]
Event: 0.168 Thread 0x0000020315a56a50 Exception <a 'sun/nio/fs/WindowsException'{0x0000000710db9948}> (0x0000000710db9948) 
thrown [./open/src/hotspot/share/prims/jni.cpp, line 578]
Event: 0.206 Thread 0x0000020315a56a50 Exception <a 'sun/nio/fs/WindowsException'{0x0000000710ae6a70}> (0x0000000710ae6a70) 
thrown [./open/src/hotspot/share/prims/jni.cpp, line 578]
Event: 0.206 Thread 0x0000020315a56a50 Exception <a 'sun/nio/fs/WindowsException'{0x0000000710ae6de0}> (0x0000000710ae6de0) 
thrown [./open/src/hotspot/share/prims/jni.cpp, line 578]
Event: 0.700 Thread 0x0000020315a56a50 Exception <a 'java/lang/NoSuchMethodError'{0x0000000710b3e790}: 'void java.lang.invoke.DirectMethodHandle$Holder.invokeStaticInit(java.lang.Object, long, double, double)'> (0x0000000710b3e790) 
thrown [./open/src/hotspot/share/interpreter/linkResolver.cpp, line 782]
Event: 0.703 Thread 0x0000020315a56a50 Exception <a 'java/lang/NoSuchMethodError'{0x0000000710b4f360}: 'void java.lang.invoke.DirectMethodHandle$Holder.invokeStaticInit(java.lang.Object, long, int, int, int)'> (0x0000000710b4f360) 
thrown [./open/src/hotspot/share/interpreter/linkResolver.cpp, line 782]
Event: 0.707 Thread 0x0000020315a56a50 Exception <a 'java/lang/NoSuchMethodError'{0x0000000710b6ac40}: 'void java.lang.invoke.DirectMethodHandle$Holder.invokeStaticInit(java.lang.Object, long, int, int, int, int)'> (0x0000000710b6ac40) 
thrown [./open/src/hotspot/share/interpreter/linkResolver.cpp, line 782]
Event: 0.735 Thread 0x0000020315a56a50 Exception <a 'sun/nio/fs/WindowsException'{0x0000000710bbeb30}> (0x0000000710bbeb30) 
thrown [./open/src/hotspot/share/prims/jni.cpp, line 578]
Event: 0.735 Thread 0x0000020315a56a50 Exception <a 'sun/nio/fs/WindowsException'{0x0000000710bbeee0}> (0x0000000710bbeee0) 
thrown [./open/src/hotspot/share/prims/jni.cpp, line 578]
Event: 0.740 Thread 0x0000020315a56a50 Exception <a 'sun/nio/fs/WindowsException'{0x0000000710bcce38}> (0x0000000710bcce38) 
thrown [./open/src/hotspot/share/prims/jni.cpp, line 578]
Event: 0.740 Thread 0x0000020315a56a50 Exception <a 'sun/nio/fs/WindowsException'{0x0000000710bcd120}> (0x0000000710bcd120) 
thrown [./open/src/hotspot/share/prims/jni.cpp, line 578]
Event: 0.944 Thread 0x0000020315a56a50 Exception <a 'sun/nio/fs/WindowsException'{0x0000000710c5d748}> (0x0000000710c5d748) 
thrown [./open/src/hotspot/share/prims/jni.cpp, line 578]
Event: 0.944 Thread 0x0000020315a56a50 Exception <a 'sun/nio/fs/WindowsException'{0x0000000710c5da38}> (0x0000000710c5da38) 
thrown [./open/src/hotspot/share/prims/jni.cpp, line 578]
Event: 0.944 Thread 0x0000020315a56a50 Exception <a 'sun/nio/fs/WindowsException'{0x0000000710c5ea58}> (0x0000000710c5ea58) 
thrown [./open/src/hotspot/share/prims/jni.cpp, line 578]
Event: 0.945 Thread 0x0000020315a56a50 Exception <a 'sun/nio/fs/WindowsException'{0x0000000710c65fd8}> (0x0000000710c65fd8) 
thrown [./open/src/hotspot/share/prims/jni.cpp, line 578]
Event: 0.951 Thread 0x0000020315a56a50 Exception <a 'sun/nio/fs/WindowsException'{0x0000000710c68e38}> (0x0000000710c68e38) 
thrown [./open/src/hotspot/share/prims/jni.cpp, line 578]
Event: 0.951 Thread 0x0000020315a56a50 Exception <a 'sun/nio/fs/WindowsException'{0x0000000710c691c0}> (0x0000000710c691c0) 
thrown [./open/src/hotspot/share/prims/jni.cpp, line 578]

Events (20 events):
Event: 0.746 Executing VM operation: HandshakeAllThreads done
Event: 0.767 Thread 0x000002033925dbf0 Thread added: 0x000002033925dbf0
Event: 0.772 Loaded shared library C:\Users\marku\AppData\Local\Temp\lwjglmarku\3.2.3-build-13\lwjgl.dll
Event: 0.784 Loaded shared library C:\Users\marku\AppData\Local\Temp\lwjglmarku\3.2.3-build-13\lwjgl.dll
Event: 0.865 Executing VM operation: G1CollectForAllocation
Event: 0.868 Executing VM operation: G1CollectForAllocation done
Event: 0.868 Executing VM operation: HandshakeAllThreads
Event: 0.868 Executing VM operation: HandshakeAllThreads done
Event: 0.879 loading class jdk/internal/reflect/UnsafeQualifiedLongFieldAccessorImpl
Event: 0.879 loading class jdk/internal/reflect/UnsafeQualifiedFieldAccessorImpl
Event: 0.879 loading class jdk/internal/reflect/UnsafeQualifiedFieldAccessorImpl done
Event: 0.879 loading class jdk/internal/reflect/UnsafeQualifiedLongFieldAccessorImpl done
Event: 0.888 loading class java/io/Externalizable
Event: 0.889 loading class java/io/Externalizable done
Event: 0.890 Loaded shared library C:\Program Files\Java\jdk-15.0.2\bin\verify.dll
Event: 0.944 loading class java/nio/file/FileAlreadyExistsException
Event: 0.944 loading class java/nio/file/FileAlreadyExistsException done
Event: 0.945 loading class java/nio/file/StandardCopyOption
Event: 0.945 loading class java/nio/file/StandardCopyOption done
Event: 0.954 Loaded shared library C:\Users\marku\AppData\Local\Temp\lwjglmarku\3.2.3-build-13\lwjgl_stb.dll


Dynamic libraries:
0x00007ff6ab940000 - 0x00007ff6ab94f000 	C:\Program Files\Java\jdk-15.0.2\bin\java.exe
0x00007ffcdac70000 - 0x00007ffcdae65000 	C:\Windows\SYSTEM32\ntdll.dll
0x00007ffcdaac0000 - 0x00007ffcdab7d000 	C:\Windows\System32\KERNEL32.DLL
0x00007ffcd8810000 - 0x00007ffcd8ad8000 	C:\Windows\System32\KERNELBASE.dll
0x00007ffcd5cc0000 - 0x00007ffcd5d50000 	C:\Windows\SYSTEM32\apphelp.dll
0x00007ffcd83e0000 - 0x00007ffcd84e0000 	C:\Windows\System32\ucrtbase.dll
0x00007ffcb57f0000 - 0x00007ffcb5808000 	C:\Program Files\Java\jdk-15.0.2\bin\jli.dll
0x00007ffcb83d0000 - 0x00007ffcb83e9000 	C:\Program Files\Java\jdk-15.0.2\bin\VCRUNTIME140.dll
0x00007ffcda870000 - 0x00007ffcda91c000 	C:\Windows\System32\ADVAPI32.dll
0x00007ffcd98f0000 - 0x00007ffcd998e000 	C:\Windows\System32\msvcrt.dll
0x00007ffcda530000 - 0x00007ffcda5cb000 	C:\Windows\System32\sechost.dll
0x00007ffcd97b0000 - 0x00007ffcd98db000 	C:\Windows\System32\RPCRT4.dll
0x00007ffcda920000 - 0x00007ffcdaac0000 	C:\Windows\System32\USER32.dll
0x00007ffcc8ef0000 - 0x00007ffcc918a000 	C:\Windows\WinSxS\amd64_microsoft.windows.common-controls_6595b64144ccf1df_6.0.19041.844_none_ca00b6081b84eb1d\COMCTL32.dll
0x00007ffcd8ae0000 - 0x00007ffcd8b02000 	C:\Windows\System32\win32u.dll
0x00007ffcd8f10000 - 0x00007ffcd8f3a000 	C:\Windows\System32\GDI32.dll
0x00007ffcd8b10000 - 0x00007ffcd8c1b000 	C:\Windows\System32\gdi32full.dll
0x00007ffcd84e0000 - 0x00007ffcd857d000 	C:\Windows\System32\msvcp_win.dll
0x00007ffccf2b0000 - 0x00007ffccf2ba000 	C:\Windows\SYSTEM32\VERSION.dll
0x00007ffcda3e0000 - 0x00007ffcda410000 	C:\Windows\System32\IMM32.DLL
0x00007ffcc4b60000 - 0x00007ffcc4b6c000 	C:\Program Files\Java\jdk-15.0.2\bin\vcruntime140_1.dll
0x00007ffc91820000 - 0x00007ffc918b1000 	C:\Program Files\Java\jdk-15.0.2\bin\msvcp140.dll
0x00007ffc54ce0000 - 0x00007ffc5583e000 	C:\Program Files\Java\jdk-15.0.2\bin\server\jvm.dll
0x00007ffcd97a0000 - 0x00007ffcd97a8000 	C:\Windows\System32\PSAPI.DLL
0x00007ffcd3290000 - 0x00007ffcd3299000 	C:\Windows\SYSTEM32\WSOCK32.dll
0x00007ffccf280000 - 0x00007ffccf2a7000 	C:\Windows\SYSTEM32\WINMM.dll
0x00007ffcd9dc0000 - 0x00007ffcd9e2b000 	C:\Windows\System32\WS2_32.dll
0x00007ffcd6310000 - 0x00007ffcd6322000 	C:\Windows\SYSTEM32\kernel.appcore.dll
0x00007ffcc27b0000 - 0x00007ffcc27ba000 	C:\Program Files\Java\jdk-15.0.2\bin\jimage.dll
0x00007ffcd0ec0000 - 0x00007ffcd10a4000 	C:\Windows\SYSTEM32\DBGHELP.DLL
0x00007ffcc9b10000 - 0x00007ffcc9b3c000 	C:\Windows\SYSTEM32\dbgcore.DLL
0x00007ffcd8580000 - 0x00007ffcd8600000 	C:\Windows\System32\bcryptPrimitives.dll
0x00007ffcb4210000 - 0x00007ffcb4235000 	C:\Program Files\Java\jdk-15.0.2\bin\java.dll
0x00007ffcd8ff0000 - 0x00007ffcd9732000 	C:\Windows\System32\SHELL32.dll
0x00007ffcd6510000 - 0x00007ffcd6ca1000 	C:\Windows\SYSTEM32\windows.storage.dll
0x00007ffcd9a00000 - 0x00007ffcd9d55000 	C:\Windows\System32\combase.dll
0x00007ffcd7e20000 - 0x00007ffcd7e4c000 	C:\Windows\SYSTEM32\Wldp.dll
0x00007ffcd8f40000 - 0x00007ffcd8fee000 	C:\Windows\System32\SHCORE.dll
0x00007ffcd99a0000 - 0x00007ffcd99f5000 	C:\Windows\System32\shlwapi.dll
0x00007ffcd82f0000 - 0x00007ffcd830f000 	C:\Windows\SYSTEM32\profapi.dll
0x00007ffcb4b80000 - 0x00007ffcb4b99000 	C:\Program Files\Java\jdk-15.0.2\bin\net.dll
0x00007ffcd0d00000 - 0x00007ffcd0e0b000 	C:\Windows\SYSTEM32\WINHTTP.dll
0x00007ffcd7b90000 - 0x00007ffcd7bfa000 	C:\Windows\system32\mswsock.dll
0x00007ffcb41f0000 - 0x00007ffcb4202000 	C:\Program Files\Java\jdk-15.0.2\bin\nio.dll
0x00007ffcb41d0000 - 0x00007ffcb41e8000 	C:\Program Files\Java\jdk-15.0.2\bin\zip.dll
0x00007ffc91520000 - 0x00007ffc91584000 	C:\Users\marku\AppData\Local\Temp\lwjglmarku\3.2.3-build-13\lwjgl.dll
0x00007ffc8eaa0000 - 0x00007ffc8eb02000 	C:\Users\marku\AppData\Local\Temp\lwjglmarku\3.2.3-build-13\glfw.dll
0x00007ffcd5e50000 - 0x00007ffcd5eee000 	C:\Windows\system32\uxtheme.dll
0x00007ffc92660000 - 0x00007ffc926a5000 	C:\Windows\SYSTEM32\dinput8.dll
0x00007ffcb3ea0000 - 0x00007ffcb3eb1000 	C:\Windows\SYSTEM32\xinput1_4.dll
0x00007ffcd8660000 - 0x00007ffcd86ae000 	C:\Windows\System32\cfgmgr32.dll
0x00007ffcd8160000 - 0x00007ffcd818c000 	C:\Windows\SYSTEM32\DEVOBJ.dll
0x00007ffcd6020000 - 0x00007ffcd604f000 	C:\Windows\SYSTEM32\dwmapi.dll
0x00007ffcc3be0000 - 0x00007ffcc3d32000 	C:\Windows\SYSTEM32\inputhost.dll
0x00007ffcda7a0000 - 0x00007ffcda86d000 	C:\Windows\System32\OLEAUT32.dll
0x00007ffcd5970000 - 0x00007ffcd5a62000 	C:\Windows\SYSTEM32\CoreMessaging.dll
0x00007ffcd3ff0000 - 0x00007ffcd40e7000 	C:\Windows\SYSTEM32\PROPSYS.dll
0x00007ffcd4170000 - 0x00007ffcd42c4000 	C:\Windows\SYSTEM32\wintypes.dll
0x00007ffcd5290000 - 0x00007ffcd55ee000 	C:\Windows\SYSTEM32\CoreUIComponents.dll
0x00007ffcd70f0000 - 0x00007ffcd7123000 	C:\Windows\SYSTEM32\ntmarta.dll
0x00007ffcda410000 - 0x00007ffcda525000 	C:\Windows\System32\MSCTF.dll
0x00007ffcd6cb0000 - 0x00007ffcd6cbd000 	C:\Windows\SYSTEM32\HID.DLL
0x00007ffcd9f70000 - 0x00007ffcda3d9000 	C:\Windows\System32\SETUPAPI.DLL
0x00007ffcd83b0000 - 0x00007ffcd83d7000 	C:\Windows\System32\bcrypt.dll
0x00007ffcd8600000 - 0x00007ffcd8660000 	C:\Windows\System32\WINTRUST.dll
0x00007ffcd86b0000 - 0x00007ffcd880f000 	C:\Windows\System32\CRYPT32.dll
0x00007ffcd7fa0000 - 0x00007ffcd7fb2000 	C:\Windows\SYSTEM32\MSASN1.dll
0x00007ffc94f00000 - 0x00007ffc95026000 	C:\Windows\SYSTEM32\opengl32.dll
0x00007ffcb3110000 - 0x00007ffcb313c000 	C:\Windows\SYSTEM32\GLU32.dll
0x00007ffcdab80000 - 0x00007ffcdac29000 	C:\Windows\System32\clbcatq.dll
0x00007ffcc1950000 - 0x00007ffcc197b000 	C:\Windows\System32\DriverStore\FileRepository\u0366400.inf_amd64_4021c2cb607d5b92\B366217\atig6pxx.dll
0x00007ffc6b540000 - 0x00007ffc6e32a000 	C:\Windows\System32\DriverStore\FileRepository\u0366400.inf_amd64_4021c2cb607d5b92\B366217\atio6axx.dll
0x00007ffcda5d0000 - 0x00007ffcda6fa000 	C:\Windows\System32\ole32.dll
0x00007ffcb4530000 - 0x00007ffcb4554000 	C:\Windows\SYSTEM32\dxva2.dll
0x00007ffcc1990000 - 0x00007ffcc19cc000 	C:\Windows\System32\DriverStore\FileRepository\u0366400.inf_amd64_4021c2cb607d5b92\B366217\atig6txx.dll
0x00007ffc8ba70000 - 0x00007ffc8bc23000 	C:\Windows\SYSTEM32\atiadlxx.dll
0x00007ffcbf2c0000 - 0x00007ffcbf314000 	C:\Windows\SYSTEM32\pdh.dll
0x00007ffccf7a0000 - 0x00007ffccf7db000 	C:\Windows\SYSTEM32\dxcore.dll
0x00007ffcc3d40000 - 0x00007ffcc3e39000 	C:\Windows\SYSTEM32\textinputframework.dll
0x00007ffc8e220000 - 0x00007ffc8e279000 	C:\Users\marku\AppData\Local\Temp\lwjglmarku\3.2.3-build-13\lwjgl_opengl.dll
0x00007ffcc1a80000 - 0x00007ffcc1a90000 	C:\Program Files\Java\jdk-15.0.2\bin\verify.dll
0x00007ffc8e0c0000 - 0x00007ffc8e137000 	C:\Users\marku\AppData\Local\Temp\lwjglmarku\3.2.3-build-13\lwjgl_stb.dll

dbghelp: loaded successfully - version: 4.0.5 - missing functions: none
symbol engine: initialized successfully - sym options: 0x614 - pdb path: .;C:\Program Files\Java\jdk-15.0.2\bin;C:\Windows\SYSTEM32;C:\Windows\WinSxS\amd64_microsoft.windows.common-controls_6595b64144ccf1df_6.0.19041.844_none_ca00b6081b84eb1d;C:\Program Files\Java\jdk-15.0.2\bin\server;C:\Users\marku\AppData\Local\Temp\lwjglmarku\3.2.3-build-13;C:\Windows\System32\DriverStore\FileRepository\u0366400.inf_amd64_4021c2cb607d5b92\B366217

VM Arguments:
jvm_args: -Dfile.encoding=windows-1252 -Duser.country=GB -Duser.language=en -Duser.variant -ea 
java_command: Gamengine.MainTest
java_class_path (initial): C:\Users\marku\IdeaProjects\2DGameengine\build\classes\java\main;C:\Users\marku\IdeaProjects\2DGameengine\build\resources\main;C:\Users\marku\.gradle\caches\modules-2\files-2.1\org.lwjgl\lwjgl-assimp\3.2.3\f62aa07a20afbdd3097efc296c4841e0d29700eb\lwjgl-assimp-3.2.3.jar;C:\Users\marku\.gradle\caches\modules-2\files-2.1\org.lwjgl\lwjgl-assimp\3.2.3\4e60aeb75f0343c4a9ede4ef8b6b32ca702a00a3\lwjgl-assimp-3.2.3-natives-windows.jar;C:\Users\marku\.gradle\caches\modules-2\files-2.1\org.lwjgl\lwjgl-glfw\3.2.3\5e520d5c290c8b012545a8d34fa5db5ab051ea53\lwjgl-glfw-3.2.3.jar;C:\Users\marku\.gradle\caches\modules-2\files-2.1\org.lwjgl\lwjgl-glfw\3.2.3\b4d8a3477cdc2edcf7a5f1e822926be846223f54\lwjgl-glfw-3.2.3-natives-windows.jar;C:\Users\marku\.gradle\caches\modules-2\files-2.1\org.lwjgl\lwjgl-nfd\3.2.3\c44fee1043c022cf6614a28872d44cf114ca7737\lwjgl-nfd-3.2.3.jar;C:\Users\marku\.gradle\caches\modules-2\files-2.1\org.lwjgl\lwjgl-nfd\3.2.3\32782f5f5c57769efb82af864e70b819c77bc891\lwjgl-nfd-3.2.3-natives-windows.jar;C:\Users\marku\.gradle\caches\modules-2\files-2.1\org.lwjgl\lwjgl-openal\3.2.3\106742e805803ab9eab8e343f0fb31a3d263903c\lwjgl-openal-3.2.3.jar;C:\Users\marku\.gradle\caches\modules-2\files-2.1\org.lwjgl\lwjgl-openal\3.2.3\ec898e8ce11b5886f4f532a1536283ef2817758d\lwjgl-openal-3.2.3-natives-windows.jar;C:\Users\marku\.gradle\caches\modules-2\files-2.1\org.lwjgl\lwjgl-opengl\3.2.3\bdd534a323d0c8f54969b95e424b6ac8984f7d6e\lwjgl-opengl-3.2.3.jar;C:\Users\marku\.gradle\caches\modules-2\files-2.1\org.lwjgl\lwjgl-opengl\3.2.3\e81cfc73ec8708e5e791ed770e4ec3edfc1bbab1\lwjgl-opengl-3.2.3-natives-windows.jar;C:\Users\marku\.gradle\caches\modules-2\files-2.1\org.lwjgl\lwjgl-stb\3.2.3\40eccaa4fa86fc815f2e17946a392fb5fdcc286a\lwjgl-stb-3.2.3.jar;C:\Users\marku\.gradle\caches\modules-2\files-2.1\org.lwjgl\lwjgl-stb\3.2.3\817b21ec286f0ba3dcedb56a3bd275e6a9345be9\lwjgl-stb-3.2.3-natives-windows.jar;C:\Users\marku\.gradle\caches\modules-2\files-2.1\org.lwjgl\lwjg
Launcher Type: SUN_STANDARD

[Global flags]
     intx CICompilerCount                          = 3                                         {product} {ergonomic}
     uint ConcGCThreads                            = 1                                         {product} {ergonomic}
     uint G1ConcRefinementThreads                  = 4                                         {product} {ergonomic}
   size_t G1HeapRegionSize                         = 2097152                                   {product} {ergonomic}
    uintx GCDrainStackTargetSize                   = 64                                        {product} {ergonomic}
   size_t InitialHeapSize                          = 268435456                                 {product} {ergonomic}
   size_t MarkStackSize                            = 4194304                                   {product} {ergonomic}
   size_t MaxHeapSize                              = 4278190080                                {product} {ergonomic}
   size_t MaxNewSize                               = 2566914048                                {product} {ergonomic}
   size_t MinHeapDeltaBytes                        = 2097152                                   {product} {ergonomic}
   size_t MinHeapSize                              = 8388608                                   {product} {ergonomic}
    uintx NonNMethodCodeHeapSize                   = 5832780                                {pd product} {ergonomic}
    uintx NonProfiledCodeHeapSize                  = 122912730                              {pd product} {ergonomic}
    uintx ProfiledCodeHeapSize                     = 122912730                              {pd product} {ergonomic}
    uintx ReservedCodeCacheSize                    = 251658240                              {pd product} {ergonomic}
     bool SegmentedCodeCache                       = true                                      {product} {ergonomic}
   size_t SoftMaxHeapSize                          = 4278190080                             {manageable} {ergonomic}
     bool UseCompressedClassPointers               = true                                 {lp64_product} {ergonomic}
     bool UseCompressedOops                        = true                                 {lp64_product} {ergonomic}
     bool UseG1GC                                  = true                                      {product} {ergonomic}
     bool UseLargePagesIndividualAllocation        = false                                  {pd product} {ergonomic}

Logging:
Log output configuration:
 #0: stdout all=warning uptime,level,tags
 #1: stderr all=off uptime,level,tags

Environment Variables:
PATH=C:\Program Files\Common Files\Oracle\Java\javapath;C:\Windows\system32;C:\Windows;C:\Windows\System32\Wbem;C:\Windows\System32\WindowsPowerShell\v1.0\;C:\Windows\System32\OpenSSH\;C:\Program Files\Git\cmd;C:\Program Files\dotnet\;C:\Program Files\Microsoft SQL Server\130\Tools\Binn\;C:\Program Files\Microsoft SQL Server\Client SDK\ODBC\170\Tools\Binn\;C:\Program Files\Java\jdk-16.0.1\bin;C:\Program Files\Java\jdk-15.0.2\bin;C:\Users\marku\AppData\Local\Microsoft\WindowsApps;;C:\Program Files\JetBrains\IntelliJ IDEA 2021.1\bin;;C:\Users\marku\.dotnet\tools
USERNAME=marku
OS=Windows_NT
PROCESSOR_IDENTIFIER=Intel64 Family 6 Model 60 Stepping 3, GenuineIntel



---------------  S Y S T E M  ---------------

OS:
 Windows 10 , 64 bit Build 19041 (10.0.19041.928)
OS uptime: 7 days 10:30 hours

CPU: total 4 (initial active 4) (4 cores per cpu, 1 threads per core) family 6 model 60 stepping 3 microcode 0x28, cmov, cx8, fxsr, mmx, sse, sse2, sse3, ssse3, sse4.1, sse4.2, popcnt, vzeroupper, avx, avx2, aes, clmul, erms, lzcnt, tsc, tscinvbit, bmi1, bmi2, fma, clflush

Memory: 4k page, system-wide physical 16312M (6492M free)
TotalPageFile size 19896M (AvailPageFile size 2918M)
current process WorkingSet (physical memory assigned to process): 119M, peak: 120M
current process commit charge ("private bytes"): 446M, peak: 446M

vm_info: Java HotSpot(TM) 64-Bit Server VM (15.0.2+7-27) for windows-amd64 JRE (15.0.2+7-27), built on Dec  7 2020 20:07:01 by "mach5one" with unknown MS VC++:1925

END.
