#
# A fatal error has been detected by the Java Runtime Environment:
#
#  EXCEPTION_ACCESS_VIOLATION (0xc0000005) at pc=0x00007ffc6d0b765e, pid=4464, tid=12984
#
# JRE version: Java(TM) SE Runtime Environment (15.0.2+7) (build 15.0.2+7-27)
# Java VM: Java HotSpot(TM) 64-Bit Server VM (15.0.2+7-27, mixed mode, sharing, tiered, compressed oops, g1 gc, windows-amd64)
# Problematic frame:
# C  [atio6axx.dll+0x1b7765e]
#
# No core dump will be written. Minidumps are not enabled by default on client versions of Windows
#
# If you would like to submit a bug report, please visit:
#   https://bugreport.java.com/bugreport/crash.jsp
# The crash happened outside the Java Virtual Machine in native code.
# See problematic frame for where to report the bug.
#

---------------  S U M M A R Y ------------

Command Line: -Dfile.encoding=windows-1252 -Duser.country=GB -Duser.language=en -Duser.variant -ea Gamengine.MainTest

Host: Intel(R) Core(TM) i5-4670K CPU @ 3.40GHz, 4 cores, 15G,  Windows 10 , 64 bit Build 19041 (10.0.19041.928)
Time: Wed May 12 12:24:41 2021 W. Europe Summer Time elapsed time: 0.807280 seconds (0d 0h 0m 0s)

---------------  T H R E A D  ---------------

Current thread (0x00000228076d6b70):  JavaThread "main" [_thread_in_native, id=12984, stack(0x000000a3f5400000,0x000000a3f5500000)]

Stack: [0x000000a3f5400000,0x000000a3f5500000],  sp=0x000000a3f54fe8a8,  free space=1018k
Native frames: (J=compiled Java code, j=interpreted, Vv=VM code, C=native code)
C  [atio6axx.dll+0x1b7765e]

Java frames: (J=compiled Java code, j=interpreted, Vv=VM code)
j  org.lwjgl.opengl.GL11C.nglTexImage2D(IIIIIIIIJ)V+0
j  org.lwjgl.opengl.GL11C.glTexImage2D(IIIIIIIILjava/nio/ByteBuffer;)V+17
j  org.lwjgl.opengl.GL11.glTexImage2D(IIIIIIIILjava/nio/ByteBuffer;)V+14
j  Gamengine.Renderer.Texture.<init>(Ljava/lang/String;)V+142
j  Gamengine.LevelDesign.LevelEditorScene.init()V+45
j  Gamengine.Gamerun.Window.changeScene(I)V+41
j  Gamengine.Gamerun.Window.init()V+253
j  Gamengine.Gamerun.Window.run()V+15
j  Gamengine.Gamerun.GameRun.startGame()V+5
j  Gamengine.MainTest.main([Ljava/lang/String;)V+0
v  ~StubRoutines::call_stub

siginfo: EXCEPTION_ACCESS_VIOLATION (0xc0000005), reading address 0x00000228348b3000


Register to memory mapping:

RIP=0x00007ffc6d0b765e atio6axx.dll
RAX=0x00000228344ccc5e points into unknown readable memory: ff ff
RBX=0x000002282f732d20 points into unknown readable memory: 0x0000058600000001 | 01 00 00 00 86 05 00 00
RCX=0x000000000000041e is an unknown value
RDX=0x00000000003e572e is an unknown value
RSP=0x000000a3f54fe8a8 is pointing into the stack for thread: 0x00000228076d6b70
RBP=0x0000000000000001 is an unknown value
RSI=0x00000228348b3000 is an unknown value
RDI=0x00000228344cd8d2 points into unknown readable memory: 00 00 00 00 00 00
R8 =0x0000000000001092 is an unknown value
R9 =0x0000000000004000 is an unknown value
R10=0x00000228348b238c points into unknown readable memory: ff ff ff ff
R11=0x00000228344ccc5e points into unknown readable memory: ff ff
R12=0x000000a3f54fea20 is pointing into the stack for thread: 0x00000228076d6b70
R13=0x00000228344fa040 points into unknown readable memory: 0x56297e54277f5528 | 28 55 7f 27 54 7e 29 56
R14=0x0000000000001092 is an unknown value
R15=0x0000000000001094 is an unknown value


Registers:
RAX=0x00000228344ccc5e, RBX=0x000002282f732d20, RCX=0x000000000000041e, RDX=0x00000000003e572e
RSP=0x000000a3f54fe8a8, RBP=0x0000000000000001, RSI=0x00000228348b3000, RDI=0x00000228344cd8d2
R8 =0x0000000000001092, R9 =0x0000000000004000, R10=0x00000228348b238c, R11=0x00000228344ccc5e
R12=0x000000a3f54fea20, R13=0x00000228344fa040, R14=0x0000000000001092, R15=0x0000000000001094
RIP=0x00007ffc6d0b765e, EFLAGS=0x0000000000010202

Top of Stack: (sp=0x000000a3f54fe8a8)
0x000000a3f54fe8a8:   00000228348b238c 00000228344ccc5e
0x000000a3f54fe8b8:   00007ffc6c949370 0000000000000030
0x000000a3f54fe8c8:   000000a300000000 000002282eb8f160
0x000000a3f54fe8d8:   000002282ef2dcf8 00007ffc6df974d4
0x000000a3f54fe8e8:   000000000000057c 000002282eff6c40
0x000000a3f54fe8f8:   000002282eb8f160 000002282eb8f160
0x000000a3f54fe908:   0000000000000398 0000000000000000
0x000000a3f54fe918:   0000000000000001 000002282eb8f160
0x000000a3f54fe928:   000002282ef05010 000002282f599dc0
0x000000a3f54fe938:   00007ffc6c8d4bac 000002282f732d01
0x000000a3f54fe948:   000002282ef05010 000000a3f54feb40
0x000000a3f54fe958:   3f8000003f800000 0000000000000001
0x000000a3f54fe968:   0000000000000000 3f8000000000002d
0x000000a3f54fe978:   3f8000003f800000 00000228344fa040
0x000000a3f54fe988:   0000022800000001 0000000000000000
0x000000a3f54fe998:   0000000000000000 0000000000001094 

Instructions: (pc=0x00007ffc6d0b765e)
0x00007ffc6d0b755e:   db 48 8b cb e8 31 84 01 00 eb 0a 48 8b 01 48 89
0x00007ffc6d0b756e:   02 c6 42 08 00 48 8b 5c 24 30 48 8b 74 24 38 48
0x00007ffc6d0b757e:   8b 7c 24 40 48 83 c4 20 41 5e c3 cc cc cc 40 53
0x00007ffc6d0b758e:   48 83 ec 20 80 79 08 00 48 8b d9 74 08 48 8b 09
0x00007ffc6d0b759e:   e8 f5 83 01 00 48 83 23 00 c6 43 08 00 48 83 c4
0x00007ffc6d0b75ae:   20 5b c3 cc cc cc cc cc cc cc cc cc cc cc cc cc
0x00007ffc6d0b75be:   cc cc cc cc cc cc cc cc 66 66 0f 1f 84 00 00 00
0x00007ffc6d0b75ce:   00 00 49 83 f8 10 72 3b 0f b6 d2 b8 01 01 01 01
0x00007ffc6d0b75de:   0f af d0 66 0f 6e c2 66 0f 70 c0 00 66 0f 1f 44
0x00007ffc6d0b75ee:   00 00 f3 0f 6f 09 48 83 c1 10 49 83 e8 10 66 0f
0x00007ffc6d0b75fe:   74 c8 66 48 0f d7 c1 48 0f bc c0 75 28 49 83 f8
0x00007ffc6d0b760e:   10 73 df 4d 85 c0 74 19 66 66 0f 1f 84 00 00 00
0x00007ffc6d0b761e:   00 00 8a 01 48 ff c1 32 c2 74 10 49 83 e8 01 75
0x00007ffc6d0b762e:   f1 48 33 c0 c3 48 8d 44 08 f0 c3 48 8d 41 ff c3
0x00007ffc6d0b763e:   cc cc cc cc cc cc cc cc 66 66 0f 1f 84 00 00 00
0x00007ffc6d0b764e:   00 00 57 56 49 8b c3 48 8b f9 49 8b c8 49 8b f2
0x00007ffc6d0b765e:   f3 a4 5e 5f c3 cc cc cc cc cc cc 0f 1f 80 00 00
0x00007ffc6d0b766e:   00 00 4c 8b d9 4c 8b d2 49 83 f8 10 76 54 49 83
0x00007ffc6d0b767e:   f8 20 76 2e 48 2b d1 73 0d 4b 8d 04 10 48 3b c8
0x00007ffc6d0b768e:   0f 82 dc 02 00 00 49 81 f8 80 00 00 00 0f 86 0f
0x00007ffc6d0b769e:   02 00 00 f6 05 10 e4 fd 00 02 0f 84 52 01 00 00
0x00007ffc6d0b76ae:   eb a0 0f 10 02 42 0f 10 4c 02 f0 0f 11 01 42 0f
0x00007ffc6d0b76be:   11 4c 01 f0 48 8b c1 c3 66 66 0f 1f 84 00 00 00
0x00007ffc6d0b76ce:   00 00 48 8b c1 4c 8d 0d 26 89 48 fe 43 8b 8c 81
0x00007ffc6d0b76de:   00 10 d2 02 49 03 c9 ff e1 66 0f 1f 84 00 00 00
0x00007ffc6d0b76ee:   00 00 c3 0f b7 0a 66 89 08 c3 48 8b 0a 48 89 08
0x00007ffc6d0b76fe:   c3 0f b7 0a 44 0f b6 42 02 66 89 08 44 88 40 02
0x00007ffc6d0b770e:   c3 0f b6 0a 88 08 c3 f3 0f 6f 02 f3 0f 7f 00 c3
0x00007ffc6d0b771e:   66 90 4c 8b 02 0f b7 4a 08 44 0f b6 4a 0a 4c 89
0x00007ffc6d0b772e:   00 66 89 48 08 44 88 48 0a c3 8b 0a 89 08 c3 0f
0x00007ffc6d0b773e:   1f 00 8b 0a 44 0f b6 42 04 89 08 44 88 40 04 c3
0x00007ffc6d0b774e:   66 90 8b 0a 44 0f b7 42 04 89 08 66 44 89 40 04 


Stack slot to memory mapping:
stack at sp + 0 slots: 0x00000228348b238c points into unknown readable memory: ff ff ff ff
stack at sp + 1 slots: 0x00000228344ccc5e points into unknown readable memory: ff ff
stack at sp + 2 slots: 0x00007ffc6c949370 atio6axx.dll
stack at sp + 3 slots: 0x0000000000000030 is an unknown value
stack at sp + 4 slots: 0x000000a300000000 is an unknown value
stack at sp + 5 slots: 0x000002282eb8f160 points into unknown readable memory: 0x00007ffc6dcfe768 | 68 e7 cf 6d fc 7f 00 00
stack at sp + 6 slots: 0x000002282ef2dcf8 points into unknown readable memory: 0x0000000000000000 | 00 00 00 00 00 00 00 00
stack at sp + 7 slots: 0x00007ffc6df974d4 atio6axx.dll


---------------  P R O C E S S  ---------------

Threads class SMR info:
_java_thread_list=0x000002282f39a480, length=12, elements={
0x00000228076d6b70, 0x000002282a5ad8a0, 0x000002282a5ae470, 0x000002282aec8be0,
0x000002282aecd4c0, 0x000002282aecde70, 0x000002282aed5470, 0x000002282aed5e60,
0x000002282aee7030, 0x000002282affe1b0, 0x000002282b0029a0, 0x000002282f364ff0
}

Java Threads: ( => current thread )
=>0x00000228076d6b70 JavaThread "main" [_thread_in_native, id=12984, stack(0x000000a3f5400000,0x000000a3f5500000)]
  0x000002282a5ad8a0 JavaThread "Reference Handler" daemon [_thread_blocked, id=12972, stack(0x000000a3f5b00000,0x000000a3f5c00000)]
  0x000002282a5ae470 JavaThread "Finalizer" daemon [_thread_blocked, id=15232, stack(0x000000a3f5c00000,0x000000a3f5d00000)]
  0x000002282aec8be0 JavaThread "Signal Dispatcher" daemon [_thread_blocked, id=10252, stack(0x000000a3f5d00000,0x000000a3f5e00000)]
  0x000002282aecd4c0 JavaThread "Attach Listener" daemon [_thread_blocked, id=16676, stack(0x000000a3f5e00000,0x000000a3f5f00000)]
  0x000002282aecde70 JavaThread "Service Thread" daemon [_thread_blocked, id=2572, stack(0x000000a3f5f00000,0x000000a3f6000000)]
  0x000002282aed5470 JavaThread "C2 CompilerThread0" daemon [_thread_blocked, id=5092, stack(0x000000a3f6000000,0x000000a3f6100000)]
  0x000002282aed5e60 JavaThread "C1 CompilerThread0" daemon [_thread_blocked, id=2904, stack(0x000000a3f6100000,0x000000a3f6200000)]
  0x000002282aee7030 JavaThread "Sweeper thread" daemon [_thread_blocked, id=17720, stack(0x000000a3f6200000,0x000000a3f6300000)]
  0x000002282affe1b0 JavaThread "Notification Thread" daemon [_thread_blocked, id=17316, stack(0x000000a3f6300000,0x000000a3f6400000)]
  0x000002282b0029a0 JavaThread "Common-Cleaner" daemon [_thread_blocked, id=12616, stack(0x000000a3f6500000,0x000000a3f6600000)]
  0x000002282f364ff0 JavaThread "C2 CompilerThread1" daemon [_thread_blocked, id=16704, stack(0x000000a3f6900000,0x000000a3f6a00000)]

Other Threads:
  0x000002282a5ab020 VMThread "VM Thread" [stack: 0x000000a3f5a00000,0x000000a3f5b00000] [id=11076]
  0x000002282b002690 WatcherThread [stack: 0x000000a3f6400000,0x000000a3f6500000] [id=4860]
  0x0000022807724720 GCTaskThread "GC Thread#0" [stack: 0x000000a3f5500000,0x000000a3f5600000] [id=15380]
  0x000002282aff6910 GCTaskThread "GC Thread#1" [stack: 0x000000a3f6a00000,0x000000a3f6b00000] [id=13220]
  0x000002282aff7900 GCTaskThread "GC Thread#2" [stack: 0x000000a3f6b00000,0x000000a3f6c00000] [id=1576]
  0x000002282aff6f70 GCTaskThread "GC Thread#3" [stack: 0x000000a3f6c00000,0x000000a3f6d00000] [id=2016]
  0x0000022807736780 ConcurrentGCThread "G1 Main Marker" [stack: 0x000000a3f5600000,0x000000a3f5700000] [id=11600]
  0x0000022807737b10 ConcurrentGCThread "G1 Conc#0" [stack: 0x000000a3f5700000,0x000000a3f5800000] [id=16168]
  0x000002282a4220c0 ConcurrentGCThread "G1 Refine#0" [stack: 0x000000a3f5800000,0x000000a3f5900000] [id=10888]
  0x000002282a422cc0 ConcurrentGCThread "G1 Young RemSet Sampling" [stack: 0x000000a3f5900000,0x000000a3f5a00000] [id=11376]

Threads with active compile tasks:

VM state: not at safepoint (normal execution)

VM Mutex/Monitor currently owned by a thread: None

Heap address: 0x0000000701000000, size: 4080 MB, Compressed Oops mode: Zero based, Oop shift amount: 3
CDS archive(s) mapped at: [0x0000000800000000-0x0000000800b50000-0x0000000800b50000), size 11862016, SharedBaseAddress: 0x0000000800000000, ArchiveRelocationMode: 0.
Compressed class space mapped at: 0x0000000800b50000-0x0000000840b50000, size: 1073741824
Narrow klass base: 0x0000000800000000, Narrow klass shift: 3, Narrow klass range: 0x100000000

GC Precious Log:
 CPUs: 4 total, 4 available
 Memory: 16312M
 Large Page Support: Disabled
 NUMA Support: Disabled
 Compressed Oops: Enabled (Zero based)
 Heap Region Size: 2M
 Heap Min Capacity: 8M
 Heap Initial Capacity: 256M
 Heap Max Capacity: 4080M
 Pre-touch: Disabled
 Parallel Workers: 4
 Concurrent Workers: 1
 Concurrent Refinement Workers: 4
 Periodic GC: Disabled

Heap:
 garbage-first heap   total 262144K, used 4027K [0x0000000701000000, 0x0000000800000000)
  region size 2048K, 3 young (6144K), 1 survivors (2048K)
 Metaspace       used 6188K, capacity 8924K, committed 9088K, reserved 1058816K
  class space    used 318K, capacity 589K, committed 640K, reserved 1048576K

Heap Regions: E=young(eden), S=young(survivor), O=old, HS=humongous(starts), HC=humongous(continues), CS=collection set, F=free, OA=open archive, CA=closed archive, TAMS=top-at-mark-start (previous, next)
|   0|0x0000000701000000, 0x0000000701000000, 0x0000000701200000|  0%| F|  |TAMS 0x0000000701000000, 0x0000000701000000| Untracked 
|   1|0x0000000701200000, 0x0000000701200000, 0x0000000701400000|  0%| F|  |TAMS 0x0000000701200000, 0x0000000701200000| Untracked 
|   2|0x0000000701400000, 0x0000000701400000, 0x0000000701600000|  0%| F|  |TAMS 0x0000000701400000, 0x0000000701400000| Untracked 
|   3|0x0000000701600000, 0x0000000701600000, 0x0000000701800000|  0%| F|  |TAMS 0x0000000701600000, 0x0000000701600000| Untracked 
|   4|0x0000000701800000, 0x0000000701800000, 0x0000000701a00000|  0%| F|  |TAMS 0x0000000701800000, 0x0000000701800000| Untracked 
|   5|0x0000000701a00000, 0x0000000701a00000, 0x0000000701c00000|  0%| F|  |TAMS 0x0000000701a00000, 0x0000000701a00000| Untracked 
|   6|0x0000000701c00000, 0x0000000701c00000, 0x0000000701e00000|  0%| F|  |TAMS 0x0000000701c00000, 0x0000000701c00000| Untracked 
|   7|0x0000000701e00000, 0x0000000701e00000, 0x0000000702000000|  0%| F|  |TAMS 0x0000000701e00000, 0x0000000701e00000| Untracked 
|   8|0x0000000702000000, 0x0000000702000000, 0x0000000702200000|  0%| F|  |TAMS 0x0000000702000000, 0x0000000702000000| Untracked 
|   9|0x0000000702200000, 0x0000000702200000, 0x0000000702400000|  0%| F|  |TAMS 0x0000000702200000, 0x0000000702200000| Untracked 
|  10|0x0000000702400000, 0x0000000702400000, 0x0000000702600000|  0%| F|  |TAMS 0x0000000702400000, 0x0000000702400000| Untracked 
|  11|0x0000000702600000, 0x0000000702600000, 0x0000000702800000|  0%| F|  |TAMS 0x0000000702600000, 0x0000000702600000| Untracked 
|  12|0x0000000702800000, 0x0000000702800000, 0x0000000702a00000|  0%| F|  |TAMS 0x0000000702800000, 0x0000000702800000| Untracked 
|  13|0x0000000702a00000, 0x0000000702a00000, 0x0000000702c00000|  0%| F|  |TAMS 0x0000000702a00000, 0x0000000702a00000| Untracked 
|  14|0x0000000702c00000, 0x0000000702c00000, 0x0000000702e00000|  0%| F|  |TAMS 0x0000000702c00000, 0x0000000702c00000| Untracked 
|  15|0x0000000702e00000, 0x0000000702e00000, 0x0000000703000000|  0%| F|  |TAMS 0x0000000702e00000, 0x0000000702e00000| Untracked 
|  16|0x0000000703000000, 0x0000000703000000, 0x0000000703200000|  0%| F|  |TAMS 0x0000000703000000, 0x0000000703000000| Untracked 
|  17|0x0000000703200000, 0x0000000703200000, 0x0000000703400000|  0%| F|  |TAMS 0x0000000703200000, 0x0000000703200000| Untracked 
|  18|0x0000000703400000, 0x0000000703400000, 0x0000000703600000|  0%| F|  |TAMS 0x0000000703400000, 0x0000000703400000| Untracked 
|  19|0x0000000703600000, 0x0000000703600000, 0x0000000703800000|  0%| F|  |TAMS 0x0000000703600000, 0x0000000703600000| Untracked 
|  20|0x0000000703800000, 0x0000000703800000, 0x0000000703a00000|  0%| F|  |TAMS 0x0000000703800000, 0x0000000703800000| Untracked 
|  21|0x0000000703a00000, 0x0000000703a00000, 0x0000000703c00000|  0%| F|  |TAMS 0x0000000703a00000, 0x0000000703a00000| Untracked 
|  22|0x0000000703c00000, 0x0000000703c00000, 0x0000000703e00000|  0%| F|  |TAMS 0x0000000703c00000, 0x0000000703c00000| Untracked 
|  23|0x0000000703e00000, 0x0000000703e00000, 0x0000000704000000|  0%| F|  |TAMS 0x0000000703e00000, 0x0000000703e00000| Untracked 
|  24|0x0000000704000000, 0x0000000704000000, 0x0000000704200000|  0%| F|  |TAMS 0x0000000704000000, 0x0000000704000000| Untracked 
|  25|0x0000000704200000, 0x0000000704200000, 0x0000000704400000|  0%| F|  |TAMS 0x0000000704200000, 0x0000000704200000| Untracked 
|  26|0x0000000704400000, 0x0000000704400000, 0x0000000704600000|  0%| F|  |TAMS 0x0000000704400000, 0x0000000704400000| Untracked 
|  27|0x0000000704600000, 0x0000000704600000, 0x0000000704800000|  0%| F|  |TAMS 0x0000000704600000, 0x0000000704600000| Untracked 
|  28|0x0000000704800000, 0x0000000704800000, 0x0000000704a00000|  0%| F|  |TAMS 0x0000000704800000, 0x0000000704800000| Untracked 
|  29|0x0000000704a00000, 0x0000000704a00000, 0x0000000704c00000|  0%| F|  |TAMS 0x0000000704a00000, 0x0000000704a00000| Untracked 
|  30|0x0000000704c00000, 0x0000000704c00000, 0x0000000704e00000|  0%| F|  |TAMS 0x0000000704c00000, 0x0000000704c00000| Untracked 
|  31|0x0000000704e00000, 0x0000000704e00000, 0x0000000705000000|  0%| F|  |TAMS 0x0000000704e00000, 0x0000000704e00000| Untracked 
|  32|0x0000000705000000, 0x0000000705000000, 0x0000000705200000|  0%| F|  |TAMS 0x0000000705000000, 0x0000000705000000| Untracked 
|  33|0x0000000705200000, 0x0000000705200000, 0x0000000705400000|  0%| F|  |TAMS 0x0000000705200000, 0x0000000705200000| Untracked 
|  34|0x0000000705400000, 0x0000000705400000, 0x0000000705600000|  0%| F|  |TAMS 0x0000000705400000, 0x0000000705400000| Untracked 
|  35|0x0000000705600000, 0x0000000705600000, 0x0000000705800000|  0%| F|  |TAMS 0x0000000705600000, 0x0000000705600000| Untracked 
|  36|0x0000000705800000, 0x0000000705800000, 0x0000000705a00000|  0%| F|  |TAMS 0x0000000705800000, 0x0000000705800000| Untracked 
|  37|0x0000000705a00000, 0x0000000705a00000, 0x0000000705c00000|  0%| F|  |TAMS 0x0000000705a00000, 0x0000000705a00000| Untracked 
|  38|0x0000000705c00000, 0x0000000705c00000, 0x0000000705e00000|  0%| F|  |TAMS 0x0000000705c00000, 0x0000000705c00000| Untracked 
|  39|0x0000000705e00000, 0x0000000705e00000, 0x0000000706000000|  0%| F|  |TAMS 0x0000000705e00000, 0x0000000705e00000| Untracked 
|  40|0x0000000706000000, 0x0000000706000000, 0x0000000706200000|  0%| F|  |TAMS 0x0000000706000000, 0x0000000706000000| Untracked 
|  41|0x0000000706200000, 0x0000000706200000, 0x0000000706400000|  0%| F|  |TAMS 0x0000000706200000, 0x0000000706200000| Untracked 
|  42|0x0000000706400000, 0x0000000706400000, 0x0000000706600000|  0%| F|  |TAMS 0x0000000706400000, 0x0000000706400000| Untracked 
|  43|0x0000000706600000, 0x0000000706600000, 0x0000000706800000|  0%| F|  |TAMS 0x0000000706600000, 0x0000000706600000| Untracked 
|  44|0x0000000706800000, 0x0000000706800000, 0x0000000706a00000|  0%| F|  |TAMS 0x0000000706800000, 0x0000000706800000| Untracked 
|  45|0x0000000706a00000, 0x0000000706a00000, 0x0000000706c00000|  0%| F|  |TAMS 0x0000000706a00000, 0x0000000706a00000| Untracked 
|  46|0x0000000706c00000, 0x0000000706c00000, 0x0000000706e00000|  0%| F|  |TAMS 0x0000000706c00000, 0x0000000706c00000| Untracked 
|  47|0x0000000706e00000, 0x0000000706e00000, 0x0000000707000000|  0%| F|  |TAMS 0x0000000706e00000, 0x0000000706e00000| Untracked 
|  48|0x0000000707000000, 0x0000000707000000, 0x0000000707200000|  0%| F|  |TAMS 0x0000000707000000, 0x0000000707000000| Untracked 
|  49|0x0000000707200000, 0x0000000707200000, 0x0000000707400000|  0%| F|  |TAMS 0x0000000707200000, 0x0000000707200000| Untracked 
|  50|0x0000000707400000, 0x0000000707400000, 0x0000000707600000|  0%| F|  |TAMS 0x0000000707400000, 0x0000000707400000| Untracked 
|  51|0x0000000707600000, 0x0000000707600000, 0x0000000707800000|  0%| F|  |TAMS 0x0000000707600000, 0x0000000707600000| Untracked 
|  52|0x0000000707800000, 0x0000000707800000, 0x0000000707a00000|  0%| F|  |TAMS 0x0000000707800000, 0x0000000707800000| Untracked 
|  53|0x0000000707a00000, 0x0000000707a00000, 0x0000000707c00000|  0%| F|  |TAMS 0x0000000707a00000, 0x0000000707a00000| Untracked 
|  54|0x0000000707c00000, 0x0000000707c00000, 0x0000000707e00000|  0%| F|  |TAMS 0x0000000707c00000, 0x0000000707c00000| Untracked 
|  55|0x0000000707e00000, 0x0000000707e00000, 0x0000000708000000|  0%| F|  |TAMS 0x0000000707e00000, 0x0000000707e00000| Untracked 
|  56|0x0000000708000000, 0x0000000708000000, 0x0000000708200000|  0%| F|  |TAMS 0x0000000708000000, 0x0000000708000000| Untracked 
|  57|0x0000000708200000, 0x0000000708200000, 0x0000000708400000|  0%| F|  |TAMS 0x0000000708200000, 0x0000000708200000| Untracked 
|  58|0x0000000708400000, 0x0000000708400000, 0x0000000708600000|  0%| F|  |TAMS 0x0000000708400000, 0x0000000708400000| Untracked 
|  59|0x0000000708600000, 0x0000000708600000, 0x0000000708800000|  0%| F|  |TAMS 0x0000000708600000, 0x0000000708600000| Untracked 
|  60|0x0000000708800000, 0x0000000708800000, 0x0000000708a00000|  0%| F|  |TAMS 0x0000000708800000, 0x0000000708800000| Untracked 
|  61|0x0000000708a00000, 0x0000000708a00000, 0x0000000708c00000|  0%| F|  |TAMS 0x0000000708a00000, 0x0000000708a00000| Untracked 
|  62|0x0000000708c00000, 0x0000000708c00000, 0x0000000708e00000|  0%| F|  |TAMS 0x0000000708c00000, 0x0000000708c00000| Untracked 
|  63|0x0000000708e00000, 0x0000000708e00000, 0x0000000709000000|  0%| F|  |TAMS 0x0000000708e00000, 0x0000000708e00000| Untracked 
|  64|0x0000000709000000, 0x0000000709000000, 0x0000000709200000|  0%| F|  |TAMS 0x0000000709000000, 0x0000000709000000| Untracked 
|  65|0x0000000709200000, 0x0000000709200000, 0x0000000709400000|  0%| F|  |TAMS 0x0000000709200000, 0x0000000709200000| Untracked 
|  66|0x0000000709400000, 0x0000000709400000, 0x0000000709600000|  0%| F|  |TAMS 0x0000000709400000, 0x0000000709400000| Untracked 
|  67|0x0000000709600000, 0x0000000709600000, 0x0000000709800000|  0%| F|  |TAMS 0x0000000709600000, 0x0000000709600000| Untracked 
|  68|0x0000000709800000, 0x0000000709800000, 0x0000000709a00000|  0%| F|  |TAMS 0x0000000709800000, 0x0000000709800000| Untracked 
|  69|0x0000000709a00000, 0x0000000709a00000, 0x0000000709c00000|  0%| F|  |TAMS 0x0000000709a00000, 0x0000000709a00000| Untracked 
|  70|0x0000000709c00000, 0x0000000709c00000, 0x0000000709e00000|  0%| F|  |TAMS 0x0000000709c00000, 0x0000000709c00000| Untracked 
|  71|0x0000000709e00000, 0x0000000709e00000, 0x000000070a000000|  0%| F|  |TAMS 0x0000000709e00000, 0x0000000709e00000| Untracked 
|  72|0x000000070a000000, 0x000000070a000000, 0x000000070a200000|  0%| F|  |TAMS 0x000000070a000000, 0x000000070a000000| Untracked 
|  73|0x000000070a200000, 0x000000070a200000, 0x000000070a400000|  0%| F|  |TAMS 0x000000070a200000, 0x000000070a200000| Untracked 
|  74|0x000000070a400000, 0x000000070a400000, 0x000000070a600000|  0%| F|  |TAMS 0x000000070a400000, 0x000000070a400000| Untracked 
|  75|0x000000070a600000, 0x000000070a600000, 0x000000070a800000|  0%| F|  |TAMS 0x000000070a600000, 0x000000070a600000| Untracked 
|  76|0x000000070a800000, 0x000000070a800000, 0x000000070aa00000|  0%| F|  |TAMS 0x000000070a800000, 0x000000070a800000| Untracked 
|  77|0x000000070aa00000, 0x000000070aa00000, 0x000000070ac00000|  0%| F|  |TAMS 0x000000070aa00000, 0x000000070aa00000| Untracked 
|  78|0x000000070ac00000, 0x000000070ac00000, 0x000000070ae00000|  0%| F|  |TAMS 0x000000070ac00000, 0x000000070ac00000| Untracked 
|  79|0x000000070ae00000, 0x000000070ae00000, 0x000000070b000000|  0%| F|  |TAMS 0x000000070ae00000, 0x000000070ae00000| Untracked 
|  80|0x000000070b000000, 0x000000070b000000, 0x000000070b200000|  0%| F|  |TAMS 0x000000070b000000, 0x000000070b000000| Untracked 
|  81|0x000000070b200000, 0x000000070b200000, 0x000000070b400000|  0%| F|  |TAMS 0x000000070b200000, 0x000000070b200000| Untracked 
|  82|0x000000070b400000, 0x000000070b400000, 0x000000070b600000|  0%| F|  |TAMS 0x000000070b400000, 0x000000070b400000| Untracked 
|  83|0x000000070b600000, 0x000000070b600000, 0x000000070b800000|  0%| F|  |TAMS 0x000000070b600000, 0x000000070b600000| Untracked 
|  84|0x000000070b800000, 0x000000070b800000, 0x000000070ba00000|  0%| F|  |TAMS 0x000000070b800000, 0x000000070b800000| Untracked 
|  85|0x000000070ba00000, 0x000000070ba00000, 0x000000070bc00000|  0%| F|  |TAMS 0x000000070ba00000, 0x000000070ba00000| Untracked 
|  86|0x000000070bc00000, 0x000000070bc00000, 0x000000070be00000|  0%| F|  |TAMS 0x000000070bc00000, 0x000000070bc00000| Untracked 
|  87|0x000000070be00000, 0x000000070be00000, 0x000000070c000000|  0%| F|  |TAMS 0x000000070be00000, 0x000000070be00000| Untracked 
|  88|0x000000070c000000, 0x000000070c000000, 0x000000070c200000|  0%| F|  |TAMS 0x000000070c000000, 0x000000070c000000| Untracked 
|  89|0x000000070c200000, 0x000000070c200000, 0x000000070c400000|  0%| F|  |TAMS 0x000000070c200000, 0x000000070c200000| Untracked 
|  90|0x000000070c400000, 0x000000070c400000, 0x000000070c600000|  0%| F|  |TAMS 0x000000070c400000, 0x000000070c400000| Untracked 
|  91|0x000000070c600000, 0x000000070c600000, 0x000000070c800000|  0%| F|  |TAMS 0x000000070c600000, 0x000000070c600000| Untracked 
|  92|0x000000070c800000, 0x000000070c800000, 0x000000070ca00000|  0%| F|  |TAMS 0x000000070c800000, 0x000000070c800000| Untracked 
|  93|0x000000070ca00000, 0x000000070ca00000, 0x000000070cc00000|  0%| F|  |TAMS 0x000000070ca00000, 0x000000070ca00000| Untracked 
|  94|0x000000070cc00000, 0x000000070cc00000, 0x000000070ce00000|  0%| F|  |TAMS 0x000000070cc00000, 0x000000070cc00000| Untracked 
|  95|0x000000070ce00000, 0x000000070ce00000, 0x000000070d000000|  0%| F|  |TAMS 0x000000070ce00000, 0x000000070ce00000| Untracked 
|  96|0x000000070d000000, 0x000000070d000000, 0x000000070d200000|  0%| F|  |TAMS 0x000000070d000000, 0x000000070d000000| Untracked 
|  97|0x000000070d200000, 0x000000070d200000, 0x000000070d400000|  0%| F|  |TAMS 0x000000070d200000, 0x000000070d200000| Untracked 
|  98|0x000000070d400000, 0x000000070d400000, 0x000000070d600000|  0%| F|  |TAMS 0x000000070d400000, 0x000000070d400000| Untracked 
|  99|0x000000070d600000, 0x000000070d600000, 0x000000070d800000|  0%| F|  |TAMS 0x000000070d600000, 0x000000070d600000| Untracked 
| 100|0x000000070d800000, 0x000000070d800000, 0x000000070da00000|  0%| F|  |TAMS 0x000000070d800000, 0x000000070d800000| Untracked 
| 101|0x000000070da00000, 0x000000070da00000, 0x000000070dc00000|  0%| F|  |TAMS 0x000000070da00000, 0x000000070da00000| Untracked 
| 102|0x000000070dc00000, 0x000000070dc00000, 0x000000070de00000|  0%| F|  |TAMS 0x000000070dc00000, 0x000000070dc00000| Untracked 
| 103|0x000000070de00000, 0x000000070de00000, 0x000000070e000000|  0%| F|  |TAMS 0x000000070de00000, 0x000000070de00000| Untracked 
| 104|0x000000070e000000, 0x000000070e000000, 0x000000070e200000|  0%| F|  |TAMS 0x000000070e000000, 0x000000070e000000| Untracked 
| 105|0x000000070e200000, 0x000000070e200000, 0x000000070e400000|  0%| F|  |TAMS 0x000000070e200000, 0x000000070e200000| Untracked 
| 106|0x000000070e400000, 0x000000070e400000, 0x000000070e600000|  0%| F|  |TAMS 0x000000070e400000, 0x000000070e400000| Untracked 
| 107|0x000000070e600000, 0x000000070e600000, 0x000000070e800000|  0%| F|  |TAMS 0x000000070e600000, 0x000000070e600000| Untracked 
| 108|0x000000070e800000, 0x000000070e800000, 0x000000070ea00000|  0%| F|  |TAMS 0x000000070e800000, 0x000000070e800000| Untracked 
| 109|0x000000070ea00000, 0x000000070ea00000, 0x000000070ec00000|  0%| F|  |TAMS 0x000000070ea00000, 0x000000070ea00000| Untracked 
| 110|0x000000070ec00000, 0x000000070ec00000, 0x000000070ee00000|  0%| F|  |TAMS 0x000000070ec00000, 0x000000070ec00000| Untracked 
| 111|0x000000070ee00000, 0x000000070ee00000, 0x000000070f000000|  0%| F|  |TAMS 0x000000070ee00000, 0x000000070ee00000| Untracked 
| 112|0x000000070f000000, 0x000000070f000000, 0x000000070f200000|  0%| F|  |TAMS 0x000000070f000000, 0x000000070f000000| Untracked 
| 113|0x000000070f200000, 0x000000070f200000, 0x000000070f400000|  0%| F|  |TAMS 0x000000070f200000, 0x000000070f200000| Untracked 
| 114|0x000000070f400000, 0x000000070f400000, 0x000000070f600000|  0%| F|  |TAMS 0x000000070f400000, 0x000000070f400000| Untracked 
| 115|0x000000070f600000, 0x000000070f600000, 0x000000070f800000|  0%| F|  |TAMS 0x000000070f600000, 0x000000070f600000| Untracked 
| 116|0x000000070f800000, 0x000000070f800000, 0x000000070fa00000|  0%| F|  |TAMS 0x000000070f800000, 0x000000070f800000| Untracked 
| 117|0x000000070fa00000, 0x000000070fa00000, 0x000000070fc00000|  0%| F|  |TAMS 0x000000070fa00000, 0x000000070fa00000| Untracked 
| 118|0x000000070fc00000, 0x000000070fc00000, 0x000000070fe00000|  0%| F|  |TAMS 0x000000070fc00000, 0x000000070fc00000| Untracked 
| 119|0x000000070fe00000, 0x000000070fe00000, 0x0000000710000000|  0%| F|  |TAMS 0x000000070fe00000, 0x000000070fe00000| Untracked 
| 120|0x0000000710000000, 0x0000000710000000, 0x0000000710200000|  0%| F|  |TAMS 0x0000000710000000, 0x0000000710000000| Untracked 
| 121|0x0000000710200000, 0x00000007103eecf0, 0x0000000710400000| 96%| S|CS|TAMS 0x0000000710200000, 0x0000000710200000| Complete 
| 122|0x0000000710400000, 0x0000000710400000, 0x0000000710600000|  0%| F|  |TAMS 0x0000000710400000, 0x0000000710400000| Untracked 
| 123|0x0000000710600000, 0x0000000710600000, 0x0000000710800000|  0%| F|  |TAMS 0x0000000710600000, 0x0000000710600000| Untracked 
| 124|0x0000000710800000, 0x0000000710800000, 0x0000000710a00000|  0%| F|  |TAMS 0x0000000710800000, 0x0000000710800000| Untracked 
| 125|0x0000000710a00000, 0x0000000710a00000, 0x0000000710c00000|  0%| F|  |TAMS 0x0000000710a00000, 0x0000000710a00000| Untracked 
| 126|0x0000000710c00000, 0x0000000710c983a0, 0x0000000710e00000| 29%| E|  |TAMS 0x0000000710c00000, 0x0000000710c00000| Complete 
| 127|0x0000000710e00000, 0x0000000711000000, 0x0000000711000000|100%| E|CS|TAMS 0x0000000710e00000, 0x0000000710e00000| Complete 

Card table byte_map: [0x000002281f100000,0x000002281f900000] _byte_map_base: 0x000002281b8f8000

Marking Bits (Prev, Next): (CMBitMap*) 0x0000022807725f20, (CMBitMap*) 0x0000022807725f60
 Prev Bits: [0x0000022820100000, 0x00000228240c0000)
 Next Bits: [0x00000228240c0000, 0x0000022828080000)

Polling page: 0x0000022805870000

Metaspace:

Usage:
  Non-class:      8.14 MB capacity,     5.73 MB ( 70%) used,     2.40 MB ( 29%) free+waste,     8.50 KB ( <1%) overhead. 
      Class:    589.00 KB capacity,   318.03 KB ( 54%) used,   268.16 KB ( 46%) free+waste,     2.81 KB ( <1%) overhead. 
       Both:      8.71 MB capacity,     6.04 MB ( 69%) used,     2.66 MB ( 31%) free+waste,    11.31 KB ( <1%) overhead. 

Virtual space:
  Non-class space:       10.00 MB reserved,       8.25 MB ( 82%) committed 
      Class space:        1.00 GB reserved,     640.00 KB ( <1%) committed 
             Both:        1.01 GB reserved,       8.88 MB ( <1%) committed 

Chunk freelists:
   Non-Class:  113.00 KB
       Class:  19.00 KB
        Both:  132.00 KB

MaxMetaspaceSize: 17179869184.00 GB
CompressedClassSpaceSize: 1.00 GB

CodeHeap 'non-profiled nmethods': size=120000Kb used=231Kb max_used=231Kb free=119768Kb
 bounds [0x00000228173d0000, 0x0000022817640000, 0x000002281e900000]
CodeHeap 'profiled nmethods': size=120000Kb used=1360Kb max_used=1360Kb free=118639Kb
 bounds [0x000002280fea0000, 0x0000022810110000, 0x00000228173d0000]
CodeHeap 'non-nmethods': size=5760Kb used=1598Kb max_used=1619Kb free=4161Kb
 bounds [0x000002280f900000, 0x000002280fb70000, 0x000002280fea0000]
 total_blobs=1798 nmethods=811 adapters=900
 compilation: enabled
              stopped_count=0, restarted_count=0
 full_count=0

Compilation events (20 events):
Event: 0.771 Thread 0x000002282aed5e60  802       3       java.nio.Buffer::flip (20 bytes)
Event: 0.771 Thread 0x000002282aed5e60 nmethod 802 0x000002280ffec990 code [0x000002280ffecb20, 0x000002280ffecc38]
Event: 0.772 Thread 0x000002282aed5e60  803       3       sun.nio.ch.FileChannelImpl::ensureOpen (16 bytes)
Event: 0.772 Thread 0x000002282aed5e60 nmethod 803 0x000002280ffecd10 code [0x000002280ffecec0, 0x000002280ffed128]
Event: 0.772 Thread 0x000002282aed5e60  804   !   3       sun.nio.ch.NativeThreadSet::add (155 bytes)
Event: 0.772 Thread 0x000002282aed5e60 nmethod 804 0x000002280ffed210 code [0x000002280ffed3e0, 0x000002280ffed9e8]
Event: 0.772 Thread 0x000002282aed5e60  805   !   3       sun.nio.ch.NativeThreadSet::remove (50 bytes)
Event: 0.773 Thread 0x000002282aed5e60 nmethod 805 0x000002280ffedc90 code [0x000002280ffede40, 0x000002280ffee108]
Event: 0.773 Thread 0x000002282aed5e60  806       3       java.lang.AbstractStringBuilder::checkRange (63 bytes)
Event: 0.774 Thread 0x000002282aed5e60 nmethod 806 0x000002280ffee290 code [0x000002280ffee520, 0x000002280ffeee78]
Event: 0.774 Thread 0x000002282aed5e60  807       3       java.lang.AbstractStringBuilder::appendChars (207 bytes)
Event: 0.774 Thread 0x000002282aed5e60 nmethod 807 0x000002280ffef210 code [0x000002280ffef4c0, 0x000002280fff0448]
Event: 0.776 Thread 0x000002282aed5e60  808       3       java.lang.AbstractStringBuilder::append (63 bytes)
Event: 0.776 Thread 0x000002282aed5e60 nmethod 808 0x000002280fff0a10 code [0x000002280fff0c00, 0x000002280fff1188]
Event: 0.776 Thread 0x000002282aed5e60  809  s    3       jdk.internal.jimage.BasicImageReader::findLocation (115 bytes)
Event: 0.777 Thread 0x000002282aed5e60 nmethod 809 0x000002280fff1310 code [0x000002280fff1620, 0x000002280fff2758]
Event: 0.777 Thread 0x000002282aed5e60  810       3       jdk.internal.jimage.BasicImageReader::getAttributes (49 bytes)
Event: 0.777 Thread 0x000002282aed5e60 nmethod 810 0x000002280fff2d10 code [0x000002280fff2ee0, 0x000002280fff31c8]
Event: 0.777 Thread 0x000002282aed5e60  811       3       jdk.internal.jimage.ImageLocation::verify (50 bytes)
Event: 0.777 Thread 0x000002282aed5e60 nmethod 811 0x000002280fff3310 code [0x000002280fff3540, 0x000002280fff3cc8]

GC Heap History (2 events):
Event: 0.710 GC heap before
{Heap before GC invocations=0 (full 0):
 garbage-first heap   total 262144K, used 10240K [0x0000000701000000, 0x0000000800000000)
  region size 2048K, 6 young (12288K), 0 survivors (0K)
 Metaspace       used 5219K, capacity 8122K, committed 8320K, reserved 1056768K
  class space    used 282K, capacity 556K, committed 640K, reserved 1048576K
}
Event: 0.712 GC heap after
{Heap after GC invocations=1 (full 0):
 garbage-first heap   total 262144K, used 1979K [0x0000000701000000, 0x0000000800000000)
  region size 2048K, 1 young (2048K), 1 survivors (2048K)
 Metaspace       used 5219K, capacity 8122K, committed 8320K, reserved 1056768K
  class space    used 282K, capacity 556K, committed 640K, reserved 1048576K
}

Deoptimization events (18 events):
Event: 0.089 Thread 0x00000228076d6b70 Uncommon trap: trap_request=0xffffff45 fr.pc=0x00000228173d3bbc relative=0x000000000000021c
Event: 0.089 Thread 0x00000228076d6b70 Uncommon trap: reason=unstable_if action=reinterpret pc=0x00000228173d3bbc method=java.lang.String.hashCode()I @ 13 c2
Event: 0.089 Thread 0x00000228076d6b70 DEOPT PACKING pc=0x00000228173d3bbc sp=0x000000a3f54fab80
Event: 0.089 Thread 0x00000228076d6b70 DEOPT UNPACKING pc=0x000002280f94e42f sp=0x000000a3f54fab18 mode 2
Event: 0.097 Thread 0x00000228076d6b70 Uncommon trap: trap_request=0xffffff45 fr.pc=0x00000228173d86e0 relative=0x0000000000000060
Event: 0.097 Thread 0x00000228076d6b70 Uncommon trap: reason=unstable_if action=reinterpret pc=0x00000228173d86e0 method=java.io.WinNTFileSystem.isSlash(C)Z @ 9 c2
Event: 0.097 Thread 0x00000228076d6b70 DEOPT PACKING pc=0x00000228173d86e0 sp=0x000000a3f54fe4d0
Event: 0.097 Thread 0x00000228076d6b70 DEOPT UNPACKING pc=0x000002280f94e42f sp=0x000000a3f54fe458 mode 2
Event: 0.660 Thread 0x00000228076d6b70 DEOPT PACKING pc=0x000002280fecc6df sp=0x000000a3f54fdea0
Event: 0.660 Thread 0x00000228076d6b70 DEOPT UNPACKING pc=0x000002280f94e23f sp=0x000000a3f54fd2f0 mode 0
Event: 0.725 Thread 0x00000228076d6b70 Uncommon trap: trap_request=0xffffff54 fr.pc=0x00000228173feae0 relative=0x0000000000000060
Event: 0.725 Thread 0x00000228076d6b70 Uncommon trap: reason=speculate_null_assert action=make_not_entrant pc=0x00000228173feae0 method=sun.misc.Unsafe.putLong(Ljava/lang/Object;JJ)V @ 7 c2
Event: 0.725 Thread 0x00000228076d6b70 DEOPT PACKING pc=0x00000228173feae0 sp=0x000000a3f54ff100
Event: 0.725 Thread 0x00000228076d6b70 DEOPT UNPACKING pc=0x000002280f94e42f sp=0x000000a3f54ff078 mode 2
Event: 0.733 Thread 0x00000228076d6b70 Uncommon trap: trap_request=0xffffff45 fr.pc=0x0000022817400ca4 relative=0x0000000000001024
Event: 0.733 Thread 0x00000228076d6b70 Uncommon trap: reason=unstable_if action=reinterpret pc=0x0000022817400ca4 method=java.util.LinkedHashMap.linkNodeLast(Ljava/util/LinkedHashMap$Entry;)V @ 11 c2
Event: 0.733 Thread 0x00000228076d6b70 DEOPT PACKING pc=0x0000022817400ca4 sp=0x000000a3f54fabb0
Event: 0.733 Thread 0x00000228076d6b70 DEOPT UNPACKING pc=0x000002280f94e42f sp=0x000000a3f54faa60 mode 2

Classes unloaded (0 events):
No events

Classes redefined (0 events):
No events

Internal exceptions (20 events):
Event: 0.115 Thread 0x00000228076d6b70 Exception <a 'java/lang/NoSuchMethodError'{0x0000000710cdaae8}: 'java.lang.Object java.lang.invoke.DirectMethodHandle$Holder.invokeStatic(java.lang.Object)'> (0x0000000710cdaae8) 
thrown [./open/src/hotspot/share/interpreter/linkResolver.cpp, line 782]
Event: 0.115 Thread 0x00000228076d6b70 Exception <a 'java/lang/NoSuchMethodError'{0x0000000710cde318}: 'java.lang.Object java.lang.invoke.DirectMethodHandle$Holder.invokeStaticInit(java.lang.Object)'> (0x0000000710cde318) 
thrown [./open/src/hotspot/share/interpreter/linkResolver.cpp, line 782]
Event: 0.123 Thread 0x00000228076d6b70 Exception <a 'java/lang/NoSuchMethodError'{0x0000000710d32300}: 'void java.lang.invoke.DirectMethodHandle$Holder.invokeStatic(java.lang.Object, java.lang.Object)'> (0x0000000710d32300) 
thrown [./open/src/hotspot/share/interpreter/linkResolver.cpp, line 782]
Event: 0.124 Thread 0x00000228076d6b70 Exception <a 'java/lang/NoSuchMethodError'{0x0000000710d37ca0}: 'void java.lang.invoke.DirectMethodHandle$Holder.invokeSpecial(java.lang.Object, java.lang.Object, java.lang.Object)'> (0x0000000710d37ca0) 
thrown [./open/src/hotspot/share/interpreter/linkResolver.cpp, line 782]
Event: 0.126 Thread 0x00000228076d6b70 Exception <a 'java/lang/NoSuchMethodError'{0x0000000710d4b328}: 'java.lang.Object java.lang.invoke.DirectMethodHandle$Holder.invokeStatic(java.lang.Object, java.lang.Object, int)'> (0x0000000710d4b328) 
thrown [./open/src/hotspot/share/interpreter/linkResolver.cpp, line 782]
Event: 0.127 Thread 0x00000228076d6b70 Exception <a 'java/lang/NoSuchMethodError'{0x0000000710d57658}: 'void java.lang.invoke.DelegatingMethodHandle$Holder.delegate(java.lang.Object, java.lang.Object, int, java.lang.Object)'> (0x0000000710d57658) 
thrown [./open/src/hotspot/share/interpreter/linkResolver.cpp, line 782]
Event: 0.128 Thread 0x00000228076d6b70 Exception <a 'java/lang/NoSuchMethodError'{0x0000000710d5b9a0}: 'int java.lang.invoke.DirectMethodHandle$Holder.invokeSpecial(java.lang.Object, java.lang.Object, java.lang.Object)'> (0x0000000710d5b9a0) 
thrown [./open/src/hotspot/share/interpreter/linkResolver.cpp, line 782]
Event: 0.154 Thread 0x00000228076d6b70 Exception <a 'sun/nio/fs/WindowsException'{0x0000000710db9300}> (0x0000000710db9300) 
thrown [./open/src/hotspot/share/prims/jni.cpp, line 578]
Event: 0.154 Thread 0x00000228076d6b70 Exception <a 'sun/nio/fs/WindowsException'{0x0000000710db9858}> (0x0000000710db9858) 
thrown [./open/src/hotspot/share/prims/jni.cpp, line 578]
Event: 0.190 Thread 0x00000228076d6b70 Exception <a 'sun/nio/fs/WindowsException'{0x0000000710ae6b68}> (0x0000000710ae6b68) 
thrown [./open/src/hotspot/share/prims/jni.cpp, line 578]
Event: 0.190 Thread 0x00000228076d6b70 Exception <a 'sun/nio/fs/WindowsException'{0x0000000710ae6ed8}> (0x0000000710ae6ed8) 
thrown [./open/src/hotspot/share/prims/jni.cpp, line 578]
Event: 0.558 Thread 0x00000228076d6b70 Exception <a 'java/lang/NoSuchMethodError'{0x0000000710b3e798}: 'void java.lang.invoke.DirectMethodHandle$Holder.invokeStaticInit(java.lang.Object, long, double, double)'> (0x0000000710b3e798) 
thrown [./open/src/hotspot/share/interpreter/linkResolver.cpp, line 782]
Event: 0.560 Thread 0x00000228076d6b70 Exception <a 'java/lang/NoSuchMethodError'{0x0000000710b4f368}: 'void java.lang.invoke.DirectMethodHandle$Holder.invokeStaticInit(java.lang.Object, long, int, int, int)'> (0x0000000710b4f368) 
thrown [./open/src/hotspot/share/interpreter/linkResolver.cpp, line 782]
Event: 0.563 Thread 0x00000228076d6b70 Exception <a 'java/lang/NoSuchMethodError'{0x0000000710b6ac48}: 'void java.lang.invoke.DirectMethodHandle$Holder.invokeStaticInit(java.lang.Object, long, int, int, int, int)'> (0x0000000710b6ac48) 
thrown [./open/src/hotspot/share/interpreter/linkResolver.cpp, line 782]
Event: 0.586 Thread 0x00000228076d6b70 Exception <a 'sun/nio/fs/WindowsException'{0x0000000710bbeb38}> (0x0000000710bbeb38) 
thrown [./open/src/hotspot/share/prims/jni.cpp, line 578]
Event: 0.586 Thread 0x00000228076d6b70 Exception <a 'sun/nio/fs/WindowsException'{0x0000000710bbeee8}> (0x0000000710bbeee8) 
thrown [./open/src/hotspot/share/prims/jni.cpp, line 578]
Event: 0.590 Thread 0x00000228076d6b70 Exception <a 'sun/nio/fs/WindowsException'{0x0000000710bcce40}> (0x0000000710bcce40) 
thrown [./open/src/hotspot/share/prims/jni.cpp, line 578]
Event: 0.590 Thread 0x00000228076d6b70 Exception <a 'sun/nio/fs/WindowsException'{0x0000000710bcd128}> (0x0000000710bcd128) 
thrown [./open/src/hotspot/share/prims/jni.cpp, line 578]
Event: 0.773 Thread 0x00000228076d6b70 Exception <a 'sun/nio/fs/WindowsException'{0x0000000710c69470}> (0x0000000710c69470) 
thrown [./open/src/hotspot/share/prims/jni.cpp, line 578]
Event: 0.773 Thread 0x00000228076d6b70 Exception <a 'sun/nio/fs/WindowsException'{0x0000000710c697f8}> (0x0000000710c697f8) 
thrown [./open/src/hotspot/share/prims/jni.cpp, line 578]

Events (20 events):
Event: 0.194 loading class jdk/internal/reflect/UnsafeQualifiedStaticIntegerFieldAccessorImpl
Event: 0.194 loading class jdk/internal/reflect/UnsafeQualifiedStaticIntegerFieldAccessorImpl done
Event: 0.588 Loaded shared library C:\Users\marku\AppData\Local\Temp\lwjglmarku\3.2.3-build-13\lwjgl_opengl.dll
Event: 0.596 Executing VM operation: HandshakeAllThreads
Event: 0.596 Executing VM operation: HandshakeAllThreads done
Event: 0.617 Thread 0x000002282f364ff0 Thread added: 0x000002282f364ff0
Event: 0.621 Loaded shared library C:\Users\marku\AppData\Local\Temp\lwjglmarku\3.2.3-build-13\lwjgl.dll
Event: 0.631 Loaded shared library C:\Users\marku\AppData\Local\Temp\lwjglmarku\3.2.3-build-13\lwjgl.dll
Event: 0.710 Executing VM operation: G1CollectForAllocation
Event: 0.712 Executing VM operation: G1CollectForAllocation done
Event: 0.712 Executing VM operation: HandshakeAllThreads
Event: 0.712 Executing VM operation: HandshakeAllThreads done
Event: 0.725 loading class jdk/internal/reflect/UnsafeQualifiedLongFieldAccessorImpl
Event: 0.725 loading class jdk/internal/reflect/UnsafeQualifiedFieldAccessorImpl
Event: 0.725 loading class jdk/internal/reflect/UnsafeQualifiedFieldAccessorImpl done
Event: 0.725 loading class jdk/internal/reflect/UnsafeQualifiedLongFieldAccessorImpl done
Event: 0.734 loading class java/io/Externalizable
Event: 0.734 loading class java/io/Externalizable done
Event: 0.735 Loaded shared library C:\Program Files\Java\jdk-15.0.2\bin\verify.dll
Event: 0.775 Loaded shared library C:\Users\marku\AppData\Local\Temp\lwjglmarku\3.2.3-build-13\lwjgl_stb.dll


Dynamic libraries:
0x00007ff6ab940000 - 0x00007ff6ab94f000 	C:\Program Files\Java\jdk-15.0.2\bin\java.exe
0x00007ffcdac70000 - 0x00007ffcdae65000 	C:\Windows\SYSTEM32\ntdll.dll
0x00007ffcdaac0000 - 0x00007ffcdab7d000 	C:\Windows\System32\KERNEL32.DLL
0x00007ffcd8810000 - 0x00007ffcd8ad8000 	C:\Windows\System32\KERNELBASE.dll
0x00007ffcd5cc0000 - 0x00007ffcd5d50000 	C:\Windows\SYSTEM32\apphelp.dll
0x00007ffcd83e0000 - 0x00007ffcd84e0000 	C:\Windows\System32\ucrtbase.dll
0x00007ffcb57f0000 - 0x00007ffcb5808000 	C:\Program Files\Java\jdk-15.0.2\bin\jli.dll
0x00007ffcb83d0000 - 0x00007ffcb83e9000 	C:\Program Files\Java\jdk-15.0.2\bin\VCRUNTIME140.dll
0x00007ffcda870000 - 0x00007ffcda91c000 	C:\Windows\System32\ADVAPI32.dll
0x00007ffcd98f0000 - 0x00007ffcd998e000 	C:\Windows\System32\msvcrt.dll
0x00007ffcda530000 - 0x00007ffcda5cb000 	C:\Windows\System32\sechost.dll
0x00007ffcd97b0000 - 0x00007ffcd98db000 	C:\Windows\System32\RPCRT4.dll
0x00007ffcda920000 - 0x00007ffcdaac0000 	C:\Windows\System32\USER32.dll
0x00007ffcc8ef0000 - 0x00007ffcc918a000 	C:\Windows\WinSxS\amd64_microsoft.windows.common-controls_6595b64144ccf1df_6.0.19041.844_none_ca00b6081b84eb1d\COMCTL32.dll
0x00007ffcd8ae0000 - 0x00007ffcd8b02000 	C:\Windows\System32\win32u.dll
0x00007ffcd8f10000 - 0x00007ffcd8f3a000 	C:\Windows\System32\GDI32.dll
0x00007ffcd8b10000 - 0x00007ffcd8c1b000 	C:\Windows\System32\gdi32full.dll
0x00007ffcd84e0000 - 0x00007ffcd857d000 	C:\Windows\System32\msvcp_win.dll
0x00007ffccf2b0000 - 0x00007ffccf2ba000 	C:\Windows\SYSTEM32\VERSION.dll
0x00007ffcda3e0000 - 0x00007ffcda410000 	C:\Windows\System32\IMM32.DLL
0x00007ffcc4b60000 - 0x00007ffcc4b6c000 	C:\Program Files\Java\jdk-15.0.2\bin\vcruntime140_1.dll
0x00007ffc91820000 - 0x00007ffc918b1000 	C:\Program Files\Java\jdk-15.0.2\bin\msvcp140.dll
0x00007ffc54ce0000 - 0x00007ffc5583e000 	C:\Program Files\Java\jdk-15.0.2\bin\server\jvm.dll
0x00007ffcd97a0000 - 0x00007ffcd97a8000 	C:\Windows\System32\PSAPI.DLL
0x00007ffcd3290000 - 0x00007ffcd3299000 	C:\Windows\SYSTEM32\WSOCK32.dll
0x00007ffccf280000 - 0x00007ffccf2a7000 	C:\Windows\SYSTEM32\WINMM.dll
0x00007ffcd9dc0000 - 0x00007ffcd9e2b000 	C:\Windows\System32\WS2_32.dll
0x00007ffcd6310000 - 0x00007ffcd6322000 	C:\Windows\SYSTEM32\kernel.appcore.dll
0x00007ffcc27b0000 - 0x00007ffcc27ba000 	C:\Program Files\Java\jdk-15.0.2\bin\jimage.dll
0x00007ffcd0ec0000 - 0x00007ffcd10a4000 	C:\Windows\SYSTEM32\DBGHELP.DLL
0x00007ffcc9b10000 - 0x00007ffcc9b3c000 	C:\Windows\SYSTEM32\dbgcore.DLL
0x00007ffcd8580000 - 0x00007ffcd8600000 	C:\Windows\System32\bcryptPrimitives.dll
0x00007ffcb4210000 - 0x00007ffcb4235000 	C:\Program Files\Java\jdk-15.0.2\bin\java.dll
0x00007ffcd8ff0000 - 0x00007ffcd9732000 	C:\Windows\System32\SHELL32.dll
0x00007ffcd6510000 - 0x00007ffcd6ca1000 	C:\Windows\SYSTEM32\windows.storage.dll
0x00007ffcd9a00000 - 0x00007ffcd9d55000 	C:\Windows\System32\combase.dll
0x00007ffcd7e20000 - 0x00007ffcd7e4c000 	C:\Windows\SYSTEM32\Wldp.dll
0x00007ffcd8f40000 - 0x00007ffcd8fee000 	C:\Windows\System32\SHCORE.dll
0x00007ffcd99a0000 - 0x00007ffcd99f5000 	C:\Windows\System32\shlwapi.dll
0x00007ffcd82f0000 - 0x00007ffcd830f000 	C:\Windows\SYSTEM32\profapi.dll
0x00007ffcb4b80000 - 0x00007ffcb4b99000 	C:\Program Files\Java\jdk-15.0.2\bin\net.dll
0x00007ffcd0d00000 - 0x00007ffcd0e0b000 	C:\Windows\SYSTEM32\WINHTTP.dll
0x00007ffcd7b90000 - 0x00007ffcd7bfa000 	C:\Windows\system32\mswsock.dll
0x00007ffcb41f0000 - 0x00007ffcb4202000 	C:\Program Files\Java\jdk-15.0.2\bin\nio.dll
0x00007ffcb41d0000 - 0x00007ffcb41e8000 	C:\Program Files\Java\jdk-15.0.2\bin\zip.dll
0x00007ffc91760000 - 0x00007ffc917c4000 	C:\Users\marku\AppData\Local\Temp\lwjglmarku\3.2.3-build-13\lwjgl.dll
0x00007ffc91520000 - 0x00007ffc91582000 	C:\Users\marku\AppData\Local\Temp\lwjglmarku\3.2.3-build-13\glfw.dll
0x00007ffcd5e50000 - 0x00007ffcd5eee000 	C:\Windows\system32\uxtheme.dll
0x00007ffc92660000 - 0x00007ffc926a5000 	C:\Windows\SYSTEM32\dinput8.dll
0x00007ffcb3f80000 - 0x00007ffcb3f91000 	C:\Windows\SYSTEM32\xinput1_4.dll
0x00007ffcd8660000 - 0x00007ffcd86ae000 	C:\Windows\System32\cfgmgr32.dll
0x00007ffcd8160000 - 0x00007ffcd818c000 	C:\Windows\SYSTEM32\DEVOBJ.dll
0x00007ffcd6020000 - 0x00007ffcd604f000 	C:\Windows\SYSTEM32\dwmapi.dll
0x00007ffcc3be0000 - 0x00007ffcc3d32000 	C:\Windows\SYSTEM32\inputhost.dll
0x00007ffcda7a0000 - 0x00007ffcda86d000 	C:\Windows\System32\OLEAUT32.dll
0x00007ffcd5970000 - 0x00007ffcd5a62000 	C:\Windows\SYSTEM32\CoreMessaging.dll
0x00007ffcd3ff0000 - 0x00007ffcd40e7000 	C:\Windows\SYSTEM32\PROPSYS.dll
0x00007ffcd4170000 - 0x00007ffcd42c4000 	C:\Windows\SYSTEM32\wintypes.dll
0x00007ffcd5290000 - 0x00007ffcd55ee000 	C:\Windows\SYSTEM32\CoreUIComponents.dll
0x00007ffcd70f0000 - 0x00007ffcd7123000 	C:\Windows\SYSTEM32\ntmarta.dll
0x00007ffcda410000 - 0x00007ffcda525000 	C:\Windows\System32\MSCTF.dll
0x00007ffcd6cb0000 - 0x00007ffcd6cbd000 	C:\Windows\SYSTEM32\HID.DLL
0x00007ffcd9f70000 - 0x00007ffcda3d9000 	C:\Windows\System32\SETUPAPI.DLL
0x00007ffcd83b0000 - 0x00007ffcd83d7000 	C:\Windows\System32\bcrypt.dll
0x00007ffcd8600000 - 0x00007ffcd8660000 	C:\Windows\System32\WINTRUST.dll
0x00007ffcd86b0000 - 0x00007ffcd880f000 	C:\Windows\System32\CRYPT32.dll
0x00007ffcd7fa0000 - 0x00007ffcd7fb2000 	C:\Windows\SYSTEM32\MSASN1.dll
0x00007ffc94f00000 - 0x00007ffc95026000 	C:\Windows\SYSTEM32\opengl32.dll
0x00007ffcb3110000 - 0x00007ffcb313c000 	C:\Windows\SYSTEM32\GLU32.dll
0x00007ffcdab80000 - 0x00007ffcdac29000 	C:\Windows\System32\clbcatq.dll
0x00007ffcc1950000 - 0x00007ffcc197b000 	C:\Windows\System32\DriverStore\FileRepository\u0366400.inf_amd64_4021c2cb607d5b92\B366217\atig6pxx.dll
0x00007ffc6b540000 - 0x00007ffc6e32a000 	C:\Windows\System32\DriverStore\FileRepository\u0366400.inf_amd64_4021c2cb607d5b92\B366217\atio6axx.dll
0x00007ffcda5d0000 - 0x00007ffcda6fa000 	C:\Windows\System32\ole32.dll
0x00007ffcb4530000 - 0x00007ffcb4554000 	C:\Windows\SYSTEM32\dxva2.dll
0x00007ffcc1990000 - 0x00007ffcc19cc000 	C:\Windows\System32\DriverStore\FileRepository\u0366400.inf_amd64_4021c2cb607d5b92\B366217\atig6txx.dll
0x00007ffc8ba70000 - 0x00007ffc8bc23000 	C:\Windows\SYSTEM32\atiadlxx.dll
0x00007ffcbf2c0000 - 0x00007ffcbf314000 	C:\Windows\SYSTEM32\pdh.dll
0x00007ffccf7a0000 - 0x00007ffccf7db000 	C:\Windows\SYSTEM32\dxcore.dll
0x00007ffcc3d40000 - 0x00007ffcc3e39000 	C:\Windows\SYSTEM32\textinputframework.dll
0x00007ffc8eab0000 - 0x00007ffc8eb09000 	C:\Users\marku\AppData\Local\Temp\lwjglmarku\3.2.3-build-13\lwjgl_opengl.dll
0x00007ffcc1a80000 - 0x00007ffcc1a90000 	C:\Program Files\Java\jdk-15.0.2\bin\verify.dll
0x00007ffc8e200000 - 0x00007ffc8e277000 	C:\Users\marku\AppData\Local\Temp\lwjglmarku\3.2.3-build-13\lwjgl_stb.dll

dbghelp: loaded successfully - version: 4.0.5 - missing functions: none
symbol engine: initialized successfully - sym options: 0x614 - pdb path: .;C:\Program Files\Java\jdk-15.0.2\bin;C:\Windows\SYSTEM32;C:\Windows\WinSxS\amd64_microsoft.windows.common-controls_6595b64144ccf1df_6.0.19041.844_none_ca00b6081b84eb1d;C:\Program Files\Java\jdk-15.0.2\bin\server;C:\Users\marku\AppData\Local\Temp\lwjglmarku\3.2.3-build-13;C:\Windows\System32\DriverStore\FileRepository\u0366400.inf_amd64_4021c2cb607d5b92\B366217

VM Arguments:
jvm_args: -Dfile.encoding=windows-1252 -Duser.country=GB -Duser.language=en -Duser.variant -ea 
java_command: Gamengine.MainTest
java_class_path (initial): C:\Users\marku\IdeaProjects\2DGameengine\build\classes\java\main;C:\Users\marku\IdeaProjects\2DGameengine\build\resources\main;C:\Users\marku\.gradle\caches\modules-2\files-2.1\org.lwjgl\lwjgl-assimp\3.2.3\f62aa07a20afbdd3097efc296c4841e0d29700eb\lwjgl-assimp-3.2.3.jar;C:\Users\marku\.gradle\caches\modules-2\files-2.1\org.lwjgl\lwjgl-assimp\3.2.3\4e60aeb75f0343c4a9ede4ef8b6b32ca702a00a3\lwjgl-assimp-3.2.3-natives-windows.jar;C:\Users\marku\.gradle\caches\modules-2\files-2.1\org.lwjgl\lwjgl-glfw\3.2.3\5e520d5c290c8b012545a8d34fa5db5ab051ea53\lwjgl-glfw-3.2.3.jar;C:\Users\marku\.gradle\caches\modules-2\files-2.1\org.lwjgl\lwjgl-glfw\3.2.3\b4d8a3477cdc2edcf7a5f1e822926be846223f54\lwjgl-glfw-3.2.3-natives-windows.jar;C:\Users\marku\.gradle\caches\modules-2\files-2.1\org.lwjgl\lwjgl-nfd\3.2.3\c44fee1043c022cf6614a28872d44cf114ca7737\lwjgl-nfd-3.2.3.jar;C:\Users\marku\.gradle\caches\modules-2\files-2.1\org.lwjgl\lwjgl-nfd\3.2.3\32782f5f5c57769efb82af864e70b819c77bc891\lwjgl-nfd-3.2.3-natives-windows.jar;C:\Users\marku\.gradle\caches\modules-2\files-2.1\org.lwjgl\lwjgl-openal\3.2.3\106742e805803ab9eab8e343f0fb31a3d263903c\lwjgl-openal-3.2.3.jar;C:\Users\marku\.gradle\caches\modules-2\files-2.1\org.lwjgl\lwjgl-openal\3.2.3\ec898e8ce11b5886f4f532a1536283ef2817758d\lwjgl-openal-3.2.3-natives-windows.jar;C:\Users\marku\.gradle\caches\modules-2\files-2.1\org.lwjgl\lwjgl-opengl\3.2.3\bdd534a323d0c8f54969b95e424b6ac8984f7d6e\lwjgl-opengl-3.2.3.jar;C:\Users\marku\.gradle\caches\modules-2\files-2.1\org.lwjgl\lwjgl-opengl\3.2.3\e81cfc73ec8708e5e791ed770e4ec3edfc1bbab1\lwjgl-opengl-3.2.3-natives-windows.jar;C:\Users\marku\.gradle\caches\modules-2\files-2.1\org.lwjgl\lwjgl-stb\3.2.3\40eccaa4fa86fc815f2e17946a392fb5fdcc286a\lwjgl-stb-3.2.3.jar;C:\Users\marku\.gradle\caches\modules-2\files-2.1\org.lwjgl\lwjgl-stb\3.2.3\817b21ec286f0ba3dcedb56a3bd275e6a9345be9\lwjgl-stb-3.2.3-natives-windows.jar;C:\Users\marku\.gradle\caches\modules-2\files-2.1\org.lwjgl\lwjg
Launcher Type: SUN_STANDARD

[Global flags]
     intx CICompilerCount                          = 3                                         {product} {ergonomic}
     uint ConcGCThreads                            = 1                                         {product} {ergonomic}
     uint G1ConcRefinementThreads                  = 4                                         {product} {ergonomic}
   size_t G1HeapRegionSize                         = 2097152                                   {product} {ergonomic}
    uintx GCDrainStackTargetSize                   = 64                                        {product} {ergonomic}
   size_t InitialHeapSize                          = 268435456                                 {product} {ergonomic}
   size_t MarkStackSize                            = 4194304                                   {product} {ergonomic}
   size_t MaxHeapSize                              = 4278190080                                {product} {ergonomic}
   size_t MaxNewSize                               = 2566914048                                {product} {ergonomic}
   size_t MinHeapDeltaBytes                        = 2097152                                   {product} {ergonomic}
   size_t MinHeapSize                              = 8388608                                   {product} {ergonomic}
    uintx NonNMethodCodeHeapSize                   = 5832780                                {pd product} {ergonomic}
    uintx NonProfiledCodeHeapSize                  = 122912730                              {pd product} {ergonomic}
    uintx ProfiledCodeHeapSize                     = 122912730                              {pd product} {ergonomic}
    uintx ReservedCodeCacheSize                    = 251658240                              {pd product} {ergonomic}
     bool SegmentedCodeCache                       = true                                      {product} {ergonomic}
   size_t SoftMaxHeapSize                          = 4278190080                             {manageable} {ergonomic}
     bool UseCompressedClassPointers               = true                                 {lp64_product} {ergonomic}
     bool UseCompressedOops                        = true                                 {lp64_product} {ergonomic}
     bool UseG1GC                                  = true                                      {product} {ergonomic}
     bool UseLargePagesIndividualAllocation        = false                                  {pd product} {ergonomic}

Logging:
Log output configuration:
 #0: stdout all=warning uptime,level,tags
 #1: stderr all=off uptime,level,tags

Environment Variables:
PATH=C:\Program Files\Common Files\Oracle\Java\javapath;C:\Windows\system32;C:\Windows;C:\Windows\System32\Wbem;C:\Windows\System32\WindowsPowerShell\v1.0\;C:\Windows\System32\OpenSSH\;C:\Program Files\Git\cmd;C:\Program Files\dotnet\;C:\Program Files\Microsoft SQL Server\130\Tools\Binn\;C:\Program Files\Microsoft SQL Server\Client SDK\ODBC\170\Tools\Binn\;C:\Program Files\Java\jdk-16.0.1\bin;C:\Program Files\Java\jdk-15.0.2\bin;C:\Users\marku\AppData\Local\Microsoft\WindowsApps;;C:\Program Files\JetBrains\IntelliJ IDEA 2021.1\bin;;C:\Users\marku\.dotnet\tools
USERNAME=marku
OS=Windows_NT
PROCESSOR_IDENTIFIER=Intel64 Family 6 Model 60 Stepping 3, GenuineIntel



---------------  S Y S T E M  ---------------

OS:
 Windows 10 , 64 bit Build 19041 (10.0.19041.928)
OS uptime: 7 days 10:44 hours

CPU: total 4 (initial active 4) (4 cores per cpu, 1 threads per core) family 6 model 60 stepping 3 microcode 0x28, cmov, cx8, fxsr, mmx, sse, sse2, sse3, ssse3, sse4.1, sse4.2, popcnt, vzeroupper, avx, avx2, aes, clmul, erms, lzcnt, tsc, tscinvbit, bmi1, bmi2, fma, clflush

Memory: 4k page, system-wide physical 16312M (6513M free)
TotalPageFile size 19896M (AvailPageFile size 2827M)
current process WorkingSet (physical memory assigned to process): 105M, peak: 105M
current process commit charge ("private bytes"): 435M, peak: 435M

vm_info: Java HotSpot(TM) 64-Bit Server VM (15.0.2+7-27) for windows-amd64 JRE (15.0.2+7-27), built on Dec  7 2020 20:07:01 by "mach5one" with unknown MS VC++:1925

END.
